Fri 12 Aug 2022 12:30:52 PM UTC: 
 exercises.c | 36 +++++++++++-------------------------
 1 file changed, 11 insertions(+), 25 deletions(-)
 tests:  0|7
total_score: 0/70
4c1108d
Fri 12 Aug 2022 12:33:05 PM UTC: 
 exercises.c | 7 +++++--
 1 file changed, 5 insertions(+), 2 deletions(-)
In file included from test.c:5:
exercises.c: In function ‘suma’:
exercises.c:16:5: error: assignment to ‘int *’ from ‘int’ makes pointer from integer without a cast [-Werror=int-conversion]
   16 |   c = a + b;
      |     ^
cc1: all warnings being treated as errors
Compilation failed
00ccecb
Fri 12 Aug 2022 12:33:22 PM UTC: 
 exercises.c | 2 +-
 1 file changed, 1 insertion(+), 1 deletion(-)
 tests:  1|6
total_score: 10/70
bf93335
Fri 12 Aug 2022 12:46:16 PM UTC: 
 exercises.c | 16 ++++++++++++++--
 1 file changed, 14 insertions(+), 2 deletions(-)
In file included from test.c:5:
exercises.c: In function ‘sumaNultimos’:
exercises.c:49:28: error: expected expression before ‘]’ token
   49 |   *suma = sumaN(arrayCopia[], m);
      |                            ^
exercises.c:42:7: error: variable ‘arrayCopia’ set but not used [-Werror=unused-but-set-variable]
   42 |   int arrayCopia[m];
      |       ^~~~~~~~~~
cc1: all warnings being treated as errors
Compilation failed
77094b0
Fri 12 Aug 2022 12:46:50 PM UTC: 
 exercises.c | 2 +-
 1 file changed, 1 insertion(+), 1 deletion(-)
 tests:  1|6
total_score: 10/70
d05784e
Fri 12 Aug 2022 12:51:06 PM UTC: 
 exercises.c | 2 +-
 1 file changed, 1 insertion(+), 1 deletion(-)
 tests:  1|6
total_score: 10/70
7822155
Fri 12 Aug 2022 12:56:44 PM UTC: 
 exercises.c | 6 +++---
 1 file changed, 3 insertions(+), 3 deletions(-)
 tests:  1|6
total_score: 10/70
a68ccce
Fri 12 Aug 2022 01:03:26 PM UTC: 
 exercises.c | 8 +++++---
 1 file changed, 5 insertions(+), 3 deletions(-)
 tests:  1|6
total_score: 10/70
df36967
Fri 12 Aug 2022 01:06:16 PM UTC: 
 exercises.c | 2 ++
 1 file changed, 2 insertions(+)
 tests:  1|6
total_score: 10/70
4889cca
Fri 12 Aug 2022 01:06:32 PM UTC: 
 exercises.c | 2 +-
 1 file changed, 1 insertion(+), 1 deletion(-)
 tests:  0|0
a44fbc4
Fri 12 Aug 2022 01:06:57 PM UTC: 
 exercises.c | 2 +-
 1 file changed, 1 insertion(+), 1 deletion(-)
 tests:  1|6
total_score: 10/70
4f4bd74
Fri 12 Aug 2022 01:12:08 PM UTC: 
 exercises.c | 6 +++++-
 1 file changed, 5 insertions(+), 1 deletion(-)
In file included from test.c:5:
exercises.c: In function ‘crearVector’:
exercises.c:91:22: error: ‘vector’ undeclared (first use in this function); did you mean ‘Vector’?
   91 |   Vector* arreglo = (vector *) calloc (n , sizeof(Vector));
      |                      ^~~~~~
      |                      Vector
exercises.c:91:22: note: each undeclared identifier is reported only once for each function it appears in
exercises.c:91:30: error: expected expression before ‘)’ token
   91 |   Vector* arreglo = (vector *) calloc (n , sizeof(Vector));
      |                              ^
exercises.c:91:11: error: unused variable ‘arreglo’ [-Werror=unused-variable]
   91 |   Vector* arreglo = (vector *) calloc (n , sizeof(Vector));
      |           ^~~~~~~
cc1: all warnings being treated as errors
Compilation failed
271d69a
Fri 12 Aug 2022 01:12:17 PM UTC: 
 exercises.c | 2 +-
 1 file changed, 1 insertion(+), 1 deletion(-)
In file included from test.c:5:
exercises.c: In function ‘crearVector’:
exercises.c:91:11: error: unused variable ‘arreglo’ [-Werror=unused-variable]
   91 |   Vector* arreglo = (Vector *) calloc (n , sizeof(Vector));
      |           ^~~~~~~
cc1: all warnings being treated as errors
Compilation failed
6d3ba0f
Fri 12 Aug 2022 01:12:33 PM UTC: 
 exercises.c | 2 +-
 1 file changed, 1 insertion(+), 1 deletion(-)
 tests:  1|6
total_score: 10/70
d0c2e59
Fri 12 Aug 2022 01:13:05 PM UTC: 
 exercises.c | 3 ++-
 1 file changed, 2 insertions(+), 1 deletion(-)
In file included from test.c:5:
exercises.c: In function ‘crearVector’:
exercises.c:91:21: error: initialization of ‘Vector *’ from incompatible pointer type ‘int *’ [-Werror=incompatible-pointer-types]
   91 |   Vector* arreglo = (int *) calloc (n , sizeof(Vector));
      |                     ^
cc1: all warnings being treated as errors
Compilation failed
969b0de
Fri 12 Aug 2022 01:13:53 PM UTC: 
 exercises.c | 2 +-
 1 file changed, 1 insertion(+), 1 deletion(-)
 tests:  1|6
total_score: 10/70
f328ad0
Fri 12 Aug 2022 01:14:37 PM UTC: 
 exercises.c | 2 +-
 1 file changed, 1 insertion(+), 1 deletion(-)
In file included from test.c:5:
exercises.c: In function ‘crearVector’:
exercises.c:93:10: error: incompatible types when returning type ‘Vector’ but ‘Vector *’ was expected
   93 |   return *arreglo;
      |          ^~~~~~~~
exercises.c:94:1: error: control reaches end of non-void function [-Werror=return-type]
   94 | }
      | ^
cc1: all warnings being treated as errors
Compilation failed
9dcf0fc
Fri 12 Aug 2022 01:14:48 PM UTC: 
 exercises.c | 2 +-
 1 file changed, 1 insertion(+), 1 deletion(-)
In file included from test.c:5:
exercises.c: In function ‘crearVector’:
exercises.c:93:10: error: returning ‘Vector **’ from a function with incompatible return type ‘Vector *’ [-Werror=incompatible-pointer-types]
   93 |   return &arreglo;
      |          ^~~~~~~~
exercises.c:93:10: error: function returns address of local variable [-Werror=return-local-addr]
cc1: all warnings being treated as errors
Compilation failed
e48bbc6
Fri 12 Aug 2022 01:14:57 PM UTC: 
 exercises.c | 2 +-
 1 file changed, 1 insertion(+), 1 deletion(-)
 tests:  1|6
total_score: 10/70
9bb294b
Fri 12 Aug 2022 01:16:17 PM UTC: 
 exercises.c | 2 +-
 1 file changed, 1 insertion(+), 1 deletion(-)
 tests:  1|6
total_score: 10/70
de4405d
Fri 12 Aug 2022 01:16:38 PM UTC: 
 exercises.c | 2 +-
 1 file changed, 1 insertion(+), 1 deletion(-)
 tests:  1|6
total_score: 10/70
ff6e646
Fri 12 Aug 2022 01:17:54 PM UTC: 
 exercises.c | 2 +-
 1 file changed, 1 insertion(+), 1 deletion(-)
 tests:  1|6
total_score: 10/70
67df1b8
Fri 12 Aug 2022 01:18:36 PM UTC: 
 exercises.c | 2 +-
 1 file changed, 1 insertion(+), 1 deletion(-)
 tests:  1|6
total_score: 10/70
54afbe1
Fri 12 Aug 2022 01:20:31 PM UTC: 
 exercises.c | 5 +++--
 1 file changed, 3 insertions(+), 2 deletions(-)
In file included from test.c:5:
exercises.c: In function ‘crearVector’:
exercises.c:92:13: error: incompatible types when assigning to type ‘Vector’ from type ‘Vector *’
   92 |   arreglo = (Vector *) calloc (n , sizeof(Vector));
      |             ^
exercises.c:94:10: error: incompatible types when returning type ‘Vector’ but ‘Vector *’ was expected
   94 |   return arreglo;
      |          ^~~~~~~
exercises.c:95:1: error: control reaches end of non-void function [-Werror=return-type]
   95 | }
      | ^
cc1: all warnings being treated as errors
Compilation failed
c3d1227
Fri 12 Aug 2022 01:20:46 PM UTC: 
 exercises.c | 2 +-
 1 file changed, 1 insertion(+), 1 deletion(-)
In file included from test.c:5:
exercises.c: In function ‘crearVector’:
exercises.c:92:3: error: conversion to non-scalar type requested
   92 |   arreglo = (Vector ) calloc (n , sizeof(Vector));
      |   ^~~~~~~
exercises.c:94:10: error: incompatible types when returning type ‘Vector’ but ‘Vector *’ was expected
   94 |   return arreglo;
      |          ^~~~~~~
exercises.c:95:1: error: control reaches end of non-void function [-Werror=return-type]
   95 | }
      | ^
cc1: all warnings being treated as errors
Compilation failed
6bb46c2
Fri 12 Aug 2022 01:21:06 PM UTC: 
 exercises.c | 4 ++--
 1 file changed, 2 insertions(+), 2 deletions(-)
 tests:  1|6
total_score: 10/70
9fdb733
Fri 12 Aug 2022 01:25:49 PM UTC: 
 exercises.c | 2 +-
 1 file changed, 1 insertion(+), 1 deletion(-)
In file included from test.c:5:
exercises.c: In function ‘crearVector’:
exercises.c:94:10: error: incompatible types when returning type ‘Vector’ but ‘Vector *’ was expected
   94 |   return *arreglo;
      |          ^~~~~~~~
exercises.c:95:1: error: control reaches end of non-void function [-Werror=return-type]
   95 | }
      | ^
cc1: all warnings being treated as errors
Compilation failed
5bc33a7
Fri 12 Aug 2022 01:26:02 PM UTC: 
 exercises.c | 4 ++--
 1 file changed, 2 insertions(+), 2 deletions(-)
In file included from test.c:5:
exercises.c: In function ‘crearVector’:
exercises.c:92:14: error: incompatible types when assigning to type ‘Vector’ from type ‘Vector *’
   92 |   *arreglo = (Vector *) calloc (n , sizeof(Vector));
      |              ^
Compilation failed
d99c0be
Fri 12 Aug 2022 01:28:25 PM UTC: 
 exercises.c | 8 +++++++-
 1 file changed, 7 insertions(+), 1 deletion(-)
In file included from test.c:5:
exercises.c: In function ‘crearVector’:
exercises.c:96:15: error: invalid type argument of ‘->’ (have ‘Vector’)
   96 |     arreglo[i]->datos = 0;
      |               ^~
Compilation failed
c9ec356
Fri 12 Aug 2022 01:28:38 PM UTC: 
 exercises.c | 2 +-
 1 file changed, 1 insertion(+), 1 deletion(-)
In file included from test.c:5:
exercises.c: In function ‘crearVector’:
exercises.c:96:16: error: expected identifier before ‘*’ token
   96 |     arreglo[i].*datos = 0;
      |                ^
Compilation failed
4cbebe4
Fri 12 Aug 2022 01:28:46 PM UTC: 
 exercises.c | 2 +-
 1 file changed, 1 insertion(+), 1 deletion(-)
 tests:  1|6
total_score: 10/70
ce995af
Fri 12 Aug 2022 01:29:04 PM UTC: 
 exercises.c | 3 +--
 1 file changed, 1 insertion(+), 2 deletions(-)
 tests:  1|6
total_score: 10/70
93973bd
Fri 12 Aug 2022 01:29:57 PM UTC: 
 exercises.c | 6 +++---
 1 file changed, 3 insertions(+), 3 deletions(-)
 tests:  1|6
total_score: 10/70
d342483
Fri 12 Aug 2022 05:54:16 PM UTC: 
 exercises.c | 6 ++++--
 1 file changed, 4 insertions(+), 2 deletions(-)
 tests:  1|6
total_score: 10/70
be86134
Fri 12 Aug 2022 05:55:44 PM UTC: 
 exercises.c | 2 +-
 1 file changed, 1 insertion(+), 1 deletion(-)
 tests:  2|5
total_score: 20/70
6b7c8ca
Fri 12 Aug 2022 06:02:41 PM UTC: 
 exercises.c | 3 ++-
 1 file changed, 2 insertions(+), 1 deletion(-)
In file included from test.c:5:
exercises.c: In function ‘crearPersona’:
exercises.c:74:3: error: too few arguments to function ‘strcpy’
   74 |   strcpy()
      |   ^~~~~~
In file included from /nix/store/iwd8ic5hhwdxn5dga0im55g5hjl270cd-glibc-2.33-47-dev/include/features.h:473,
                 from /nix/store/iwd8ic5hhwdxn5dga0im55g5hjl270cd-glibc-2.33-47-dev/include/bits/libc-header-start.h:33,
                 from /nix/store/iwd8ic5hhwdxn5dga0im55g5hjl270cd-glibc-2.33-47-dev/include/stdio.h:27,
                 from test.c:1:
/nix/store/iwd8ic5hhwdxn5dga0im55g5hjl270cd-glibc-2.33-47-dev/include/bits/string_fortified.h:77:1: note: declared here
   77 | __NTH (strcpy (char *__restrict __dest, const char *__restrict __src))
      | ^~~~~
In file included from test.c:5:
exercises.c:74:11: error: expected ‘;’ before ‘return’
   74 |   strcpy()
      |           ^
      |           ;
   75 | 
   76 |   return NULL;
      |   ~~~~~~   
exercises.c:77:1: error: control reaches end of non-void function [-Werror=return-type]
   77 | }
      | ^
cc1: all warnings being treated as errors
Compilation failed
e409f03
Fri 12 Aug 2022 06:02:59 PM UTC: 
 exercises.c | 2 +-
 1 file changed, 1 insertion(+), 1 deletion(-)
 tests:  2|5
total_score: 20/70
7e24913
Fri 12 Aug 2022 06:03:43 PM UTC: 
 exercises.c | 2 +-
 1 file changed, 1 insertion(+), 1 deletion(-)
 tests:  2|5
total_score: 20/70
1f57f1e
Fri 12 Aug 2022 06:21:46 PM UTC: 
 exercises.c | 8 +++++---
 1 file changed, 5 insertions(+), 3 deletions(-)
In file included from test.c:5:
exercises.c: In function ‘crearPersona’:
exercises.c:76:11: error: format ‘%d’ expects argument of type ‘int *’, but argument 2 has type ‘int’ [-Werror=format=]
   76 |   scanf("%d", nuevaPersona.edad);
      |          ~^   ~~~~~~~~~~~~~~~~~
      |           |               |
      |           int *           int
exercises.c:78:10: error: incompatible types when returning type ‘Persona’ but ‘Persona *’ was expected
   78 |   return (nuevaPersona);
      |          ^
exercises.c:74:3: error: ignoring return value of ‘scanf’ declared with attribute ‘warn_unused_result’ [-Werror=unused-result]
   74 |   scanf("%s", nuevaPersona.nombre);
      |   ^~~~~~~~~~~~~~~~~~~~~~~~~~~~~~~~
exercises.c:75:3: error: ignoring return value of ‘scanf’ declared with attribute ‘warn_unused_result’ [-Werror=unused-result]
   75 |   scanf("%s", nuevaPersona.rut);
      |   ^~~~~~~~~~~~~~~~~~~~~~~~~~~~~
exercises.c:76:3: error: ignoring return value of ‘scanf’ declared with attribute ‘warn_unused_result’ [-Werror=unused-result]
   76 |   scanf("%d", nuevaPersona.edad);
      |   ^~~~~~~~~~~~~~~~~~~~~~~~~~~~~~
exercises.c:79:1: error: control reaches end of non-void function [-Werror=return-type]
   79 | }
      | ^
cc1: all warnings being treated as errors
Compilation failed
47c5cc0
Fri 12 Aug 2022 06:22:00 PM UTC: 
 exercises.c | 2 +-
 1 file changed, 1 insertion(+), 1 deletion(-)
In file included from test.c:5:
exercises.c: In function ‘crearPersona’:
exercises.c:78:10: error: incompatible types when returning type ‘Persona’ but ‘Persona *’ was expected
   78 |   return (nuevaPersona);
      |          ^
exercises.c:74:3: error: ignoring return value of ‘scanf’ declared with attribute ‘warn_unused_result’ [-Werror=unused-result]
   74 |   scanf("%s", nuevaPersona.nombre);
      |   ^~~~~~~~~~~~~~~~~~~~~~~~~~~~~~~~
exercises.c:75:3: error: ignoring return value of ‘scanf’ declared with attribute ‘warn_unused_result’ [-Werror=unused-result]
   75 |   scanf("%s", nuevaPersona.rut);
      |   ^~~~~~~~~~~~~~~~~~~~~~~~~~~~~
exercises.c:76:3: error: ignoring return value of ‘scanf’ declared with attribute ‘warn_unused_result’ [-Werror=unused-result]
   76 |   scanf("%d", &nuevaPersona.edad);
      |   ^~~~~~~~~~~~~~~~~~~~~~~~~~~~~~~
exercises.c:79:1: error: control reaches end of non-void function [-Werror=return-type]
   79 | }
      | ^
cc1: all warnings being treated as errors
Compilation failed
40cb8a1
Fri 12 Aug 2022 06:24:52 PM UTC: 
 exercises.c | 9 +++++----
 1 file changed, 5 insertions(+), 4 deletions(-)
In file included from test.c:5:
exercises.c: In function ‘crearPersona’:
exercises.c:74:15: error: ‘persona’ undeclared (first use in this function); did you mean ‘Persona’?
   74 | malloc(sizeof(persona)) ;
      |               ^~~~~~~
      |               Persona
exercises.c:74:15: note: each undeclared identifier is reported only once for each function it appears in
exercises.c:75:3: error: ignoring return value of ‘scanf’ declared with attribute ‘warn_unused_result’ [-Werror=unused-result]
   75 |   scanf("%s", nuevaPersona->nombre);
      |   ^~~~~~~~~~~~~~~~~~~~~~~~~~~~~~~~~
exercises.c:76:3: error: ignoring return value of ‘scanf’ declared with attribute ‘warn_unused_result’ [-Werror=unused-result]
   76 |   scanf("%s", nuevaPersona->rut);
      |   ^~~~~~~~~~~~~~~~~~~~~~~~~~~~~~
exercises.c:77:3: error: ignoring return value of ‘scanf’ declared with attribute ‘warn_unused_result’ [-Werror=unused-result]
   77 |   scanf("%d", &nuevaPersona->edad);
      |   ^~~~~~~~~~~~~~~~~~~~~~~~~~~~~~~~
cc1: all warnings being treated as errors
Compilation failed
3f5a1a8
Fri 12 Aug 2022 06:25:04 PM UTC: 
 exercises.c | 2 +-
 1 file changed, 1 insertion(+), 1 deletion(-)
In file included from test.c:5:
exercises.c: In function ‘crearPersona’:
exercises.c:75:3: error: ignoring return value of ‘scanf’ declared with attribute ‘warn_unused_result’ [-Werror=unused-result]
   75 |   scanf("%s", nuevaPersona->nombre);
      |   ^~~~~~~~~~~~~~~~~~~~~~~~~~~~~~~~~
exercises.c:76:3: error: ignoring return value of ‘scanf’ declared with attribute ‘warn_unused_result’ [-Werror=unused-result]
   76 |   scanf("%s", nuevaPersona->rut);
      |   ^~~~~~~~~~~~~~~~~~~~~~~~~~~~~~
exercises.c:77:3: error: ignoring return value of ‘scanf’ declared with attribute ‘warn_unused_result’ [-Werror=unused-result]
   77 |   scanf("%d", &nuevaPersona->edad);
      |   ^~~~~~~~~~~~~~~~~~~~~~~~~~~~~~~~
cc1: all warnings being treated as errors
Compilation failed
8bc8e4e
Fri 12 Aug 2022 06:27:59 PM UTC: 
 exercises.c | 4 +---
 1 file changed, 1 insertion(+), 3 deletions(-)
In file included from test.c:5:
exercises.c: In function ‘crearPersona’:
exercises.c:75:3: error: ignoring return value of ‘scanf’ declared with attribute ‘warn_unused_result’ [-Werror=unused-result]
   75 |   scanf("%s %s %d", nuevaPersona->nombre, nuevaPersona->rut, &nuevaPersona->edad);
      |   ^~~~~~~~~~~~~~~~~~~~~~~~~~~~~~~~~~~~~~~~~~~~~~~~~~~~~~~~~~~~~~~~~~~~~~~~~~~~~~~
cc1: all warnings being treated as errors
Compilation failed
47d5318
Fri 12 Aug 2022 06:28:51 PM UTC: 
 exercises.c | 2 +-
 1 file changed, 1 insertion(+), 1 deletion(-)
In file included from test.c:5:
exercises.c: In function ‘crearPersona’:
exercises.c:75:41: error: expected ‘)’ before ‘nuevaPersona’
   75 |   scanf("%s %s %d", nuevaPersona->nombre nuevaPersona->rut &nuevaPersona->edad);
      |                                         ^~~~~~~~~~~~~
      |                                         )
exercises.c:75:14: error: format ‘%s’ expects a matching ‘char *’ argument [-Werror=format=]
   75 |   scanf("%s %s %d", nuevaPersona->nombre nuevaPersona->rut &nuevaPersona->edad);
      |             ~^
      |              |
      |              char *
exercises.c:75:17: error: format ‘%d’ expects a matching ‘int *’ argument [-Werror=format=]
   75 |   scanf("%s %s %d", nuevaPersona->nombre nuevaPersona->rut &nuevaPersona->edad);
      |                ~^
      |                 |
      |                 int *
exercises.c:75:3: error: ignoring return value of ‘scanf’ declared with attribute ‘warn_unused_result’ [-Werror=unused-result]
   75 |   scanf("%s %s %d", nuevaPersona->nombre nuevaPersona->rut &nuevaPersona->edad);
      |   ^~~~~~~~~~~~~~~~~~~~~~~~~~~~~~~~~~~~~~~~~~~~~~~~~~~~~~~~~~~~~~~~~~~~~~~~~~~~~
cc1: all warnings being treated as errors
Compilation failed
772e9bf
Fri 12 Aug 2022 06:29:18 PM UTC: 
 exercises.c | 2 +-
 1 file changed, 1 insertion(+), 1 deletion(-)
In file included from test.c:5:
exercises.c: In function ‘crearPersona’:
exercises.c:75:11: error: format ‘%s’ expects argument of type ‘char *’, but argument 2 has type ‘char (*)[30]’ [-Werror=format=]
   75 |   scanf("%s %s %d", &nuevaPersona->nombre, &nuevaPersona->rut, &nuevaPersona->edad);
      |          ~^         ~~~~~~~~~~~~~~~~~~~~~
      |           |         |
      |           char *    char (*)[30]
exercises.c:75:14: error: format ‘%s’ expects argument of type ‘char *’, but argument 3 has type ‘char (*)[11]’ [-Werror=format=]
   75 |   scanf("%s %s %d", &nuevaPersona->nombre, &nuevaPersona->rut, &nuevaPersona->edad);
      |             ~^                             ~~~~~~~~~~~~~~~~~~
      |              |                             |
      |              char *                        char (*)[11]
exercises.c:75:3: error: ignoring return value of ‘scanf’ declared with attribute ‘warn_unused_result’ [-Werror=unused-result]
   75 |   scanf("%s %s %d", &nuevaPersona->nombre, &nuevaPersona->rut, &nuevaPersona->edad);
      |   ^~~~~~~~~~~~~~~~~~~~~~~~~~~~~~~~~~~~~~~~~~~~~~~~~~~~~~~~~~~~~~~~~~~~~~~~~~~~~~~~~
cc1: all warnings being treated as errors
Compilation failed
7200dc2
Fri 12 Aug 2022 06:32:32 PM UTC: 
 exercises.c | 4 +++-
 1 file changed, 3 insertions(+), 1 deletion(-)
In file included from test.c:5:
exercises.c: In function ‘crearPersona’:
exercises.c:75:11: error: format ‘%s’ expects argument of type ‘char *’, but argument 2 has type ‘char (*)[30]’ [-Werror=format=]
   75 |   scanf("%s", &nuevaPersona->nombre);
      |          ~^   ~~~~~~~~~~~~~~~~~~~~~
      |           |   |
      |           |   char (*)[30]
      |           char *
exercises.c:76:11: error: format ‘%s’ expects argument of type ‘char *’, but argument 2 has type ‘char (*)[11]’ [-Werror=format=]
   76 |   scanf("%s", &nuevaPersona->rut);
      |          ~^   ~~~~~~~~~~~~~~~~~~
      |           |   |
      |           |   char (*)[11]
      |           char *
exercises.c:75:3: error: ignoring return value of ‘scanf’ declared with attribute ‘warn_unused_result’ [-Werror=unused-result]
   75 |   scanf("%s", &nuevaPersona->nombre);
      |   ^~~~~~~~~~~~~~~~~~~~~~~~~~~~~~~~~~
exercises.c:76:3: error: ignoring return value of ‘scanf’ declared with attribute ‘warn_unused_result’ [-Werror=unused-result]
   76 |   scanf("%s", &nuevaPersona->rut);
      |   ^~~~~~~~~~~~~~~~~~~~~~~~~~~~~~~
exercises.c:77:3: error: ignoring return value of ‘scanf’ declared with attribute ‘warn_unused_result’ [-Werror=unused-result]
   77 |   scanf("%d", &nuevaPersona->edad);
      |   ^~~~~~~~~~~~~~~~~~~~~~~~~~~~~~~~
cc1: all warnings being treated as errors
Compilation failed
5c113e2
Fri 12 Aug 2022 06:33:10 PM UTC: 
 exercises.c | 4 ++--
 1 file changed, 2 insertions(+), 2 deletions(-)
In file included from test.c:5:
exercises.c: In function ‘crearPersona’:
exercises.c:75:3: error: ignoring return value of ‘scanf’ declared with attribute ‘warn_unused_result’ [-Werror=unused-result]
   75 |   scanf("%s", nuevaPersona->nombre);
      |   ^~~~~~~~~~~~~~~~~~~~~~~~~~~~~~~~~
exercises.c:76:3: error: ignoring return value of ‘scanf’ declared with attribute ‘warn_unused_result’ [-Werror=unused-result]
   76 |   scanf("%s", nuevaPersona->rut);
      |   ^~~~~~~~~~~~~~~~~~~~~~~~~~~~~~
exercises.c:77:3: error: ignoring return value of ‘scanf’ declared with attribute ‘warn_unused_result’ [-Werror=unused-result]
   77 |   scanf("%d", &nuevaPersona->edad);
      |   ^~~~~~~~~~~~~~~~~~~~~~~~~~~~~~~~
cc1: all warnings being treated as errors
Compilation failed
2f5d72e
Fri 12 Aug 2022 06:35:09 PM UTC: 
 exercises.c | 4 ++--
 1 file changed, 2 insertions(+), 2 deletions(-)
In file included from test.c:5:
exercises.c: In function ‘crearPersona’:
exercises.c:75:3: error: ignoring return value of ‘scanf’ declared with attribute ‘warn_unused_result’ [-Werror=unused-result]
   75 |   scanf("%s", (*nuevaPersona).nombre);
      |   ^~~~~~~~~~~~~~~~~~~~~~~~~~~~~~~~~~~
exercises.c:76:3: error: ignoring return value of ‘scanf’ declared with attribute ‘warn_unused_result’ [-Werror=unused-result]
   76 |   scanf("%s", (*nuevaPersona).rut);
      |   ^~~~~~~~~~~~~~~~~~~~~~~~~~~~~~~~
exercises.c:77:3: error: ignoring return value of ‘scanf’ declared with attribute ‘warn_unused_result’ [-Werror=unused-result]
   77 |   scanf("%d", &nuevaPersona->edad);
      |   ^~~~~~~~~~~~~~~~~~~~~~~~~~~~~~~~
cc1: all warnings being treated as errors
Compilation failed
87cfbd6
Fri 12 Aug 2022 06:36:03 PM UTC: 
 exercises.c | 2 +-
 1 file changed, 1 insertion(+), 1 deletion(-)
In file included from test.c:5:
exercises.c: In function ‘crearPersona’:
exercises.c:79:11: error: incompatible types when returning type ‘Persona’ but ‘Persona *’ was expected
   79 |   return (*nuevaPersona);
      |          ~^~~~~~~~~~~~~~
exercises.c:75:3: error: ignoring return value of ‘scanf’ declared with attribute ‘warn_unused_result’ [-Werror=unused-result]
   75 |   scanf("%s", (*nuevaPersona).nombre);
      |   ^~~~~~~~~~~~~~~~~~~~~~~~~~~~~~~~~~~
exercises.c:76:3: error: ignoring return value of ‘scanf’ declared with attribute ‘warn_unused_result’ [-Werror=unused-result]
   76 |   scanf("%s", (*nuevaPersona).rut);
      |   ^~~~~~~~~~~~~~~~~~~~~~~~~~~~~~~~
exercises.c:77:3: error: ignoring return value of ‘scanf’ declared with attribute ‘warn_unused_result’ [-Werror=unused-result]
   77 |   scanf("%d", &nuevaPersona->edad);
      |   ^~~~~~~~~~~~~~~~~~~~~~~~~~~~~~~~
exercises.c:80:1: error: control reaches end of non-void function [-Werror=return-type]
   80 | }
      | ^
cc1: all warnings being treated as errors
Compilation failed
f13dfc1
Fri 12 Aug 2022 06:36:15 PM UTC: 
 exercises.c | 2 +-
 1 file changed, 1 insertion(+), 1 deletion(-)
In file included from test.c:5:
exercises.c: In function ‘crearPersona’:
exercises.c:75:3: error: ignoring return value of ‘scanf’ declared with attribute ‘warn_unused_result’ [-Werror=unused-result]
   75 |   scanf("%s", (*nuevaPersona).nombre);
      |   ^~~~~~~~~~~~~~~~~~~~~~~~~~~~~~~~~~~
exercises.c:76:3: error: ignoring return value of ‘scanf’ declared with attribute ‘warn_unused_result’ [-Werror=unused-result]
   76 |   scanf("%s", (*nuevaPersona).rut);
      |   ^~~~~~~~~~~~~~~~~~~~~~~~~~~~~~~~
exercises.c:77:3: error: ignoring return value of ‘scanf’ declared with attribute ‘warn_unused_result’ [-Werror=unused-result]
   77 |   scanf("%d", &nuevaPersona->edad);
      |   ^~~~~~~~~~~~~~~~~~~~~~~~~~~~~~~~
cc1: all warnings being treated as errors
Compilation failed
107a3c1
Sat 13 Aug 2022 03:33:18 AM UTC: 
 exercises.c | 11 +++++------
 1 file changed, 5 insertions(+), 6 deletions(-)
In file included from test.c:5:
exercises.c: In function ‘crearPersona’:
exercises.c:74:3: error: ignoring return value of ‘scanf’ declared with attribute ‘warn_unused_result’ [-Werror=unused-result]
   74 |   scanf("%s", (*p).nombre);
      |   ^~~~~~~~~~~~~~~~~~~~~~~~
exercises.c:75:3: error: ignoring return value of ‘scanf’ declared with attribute ‘warn_unused_result’ [-Werror=unused-result]
   75 |   scanf("%s", (*p).rut);
      |   ^~~~~~~~~~~~~~~~~~~~~
exercises.c:76:3: error: ignoring return value of ‘scanf’ declared with attribute ‘warn_unused_result’ [-Werror=unused-result]
   76 |   scanf("%d", &p->edad);
      |   ^~~~~~~~~~~~~~~~~~~~~
cc1: all warnings being treated as errors
Compilation failed
e321b2b
Sat 13 Aug 2022 03:34:40 AM UTC: 
 exercises.c | 2 +-
 1 file changed, 1 insertion(+), 1 deletion(-)
In file included from test.c:5:
exercises.c: In function ‘crearPersona’:
exercises.c:74:3: error: ignoring return value of ‘scanf’ declared with attribute ‘warn_unused_result’ [-Werror=unused-result]
   74 |   scanf("%s", (*p).nombre);
      |   ^~~~~~~~~~~~~~~~~~~~~~~~
exercises.c:75:3: error: ignoring return value of ‘scanf’ declared with attribute ‘warn_unused_result’ [-Werror=unused-result]
   75 |   scanf("%s", (*p).rut);
      |   ^~~~~~~~~~~~~~~~~~~~~
exercises.c:76:3: error: ignoring return value of ‘scanf’ declared with attribute ‘warn_unused_result’ [-Werror=unused-result]
   76 |   scanf("%d", &p->edad);
      |   ^~~~~~~~~~~~~~~~~~~~~
cc1: all warnings being treated as errors
Compilation failed
5f96dd3
Sat 13 Aug 2022 03:36:27 AM UTC: 
 exercises.c | 2 +-
 1 file changed, 1 insertion(+), 1 deletion(-)
In file included from test.c:5:
exercises.c: In function ‘crearPersona’:
exercises.c:74:3: error: ignoring return value of ‘scanf’ declared with attribute ‘warn_unused_result’ [-Werror=unused-result]
   74 |   scanf("%s", (*p).nombre);
      |   ^~~~~~~~~~~~~~~~~~~~~~~~
exercises.c:75:3: error: ignoring return value of ‘scanf’ declared with attribute ‘warn_unused_result’ [-Werror=unused-result]
   75 |   scanf("%s", (*p).rut);
      |   ^~~~~~~~~~~~~~~~~~~~~
exercises.c:76:3: error: ignoring return value of ‘scanf’ declared with attribute ‘warn_unused_result’ [-Werror=unused-result]
   76 |   scanf("%d", &p->edad);
      |   ^~~~~~~~~~~~~~~~~~~~~
cc1: all warnings being treated as errors
Compilation failed
d6e016c
Sat 13 Aug 2022 03:37:17 AM UTC: 
 exercises.c | 4 ++--
 1 file changed, 2 insertions(+), 2 deletions(-)
In file included from test.c:5:
exercises.c: In function ‘crearPersona’:
exercises.c:74:3: error: ignoring return value of ‘scanf’ declared with attribute ‘warn_unused_result’ [-Werror=unused-result]
   74 |   scanf("%s", p->nombre);
      |   ^~~~~~~~~~~~~~~~~~~~~~
exercises.c:75:3: error: ignoring return value of ‘scanf’ declared with attribute ‘warn_unused_result’ [-Werror=unused-result]
   75 |   scanf("%s", p->rut);
      |   ^~~~~~~~~~~~~~~~~~~
exercises.c:76:3: error: ignoring return value of ‘scanf’ declared with attribute ‘warn_unused_result’ [-Werror=unused-result]
   76 |   scanf("%d", &p->edad);
      |   ^~~~~~~~~~~~~~~~~~~~~
cc1: all warnings being treated as errors
Compilation failed
403ac67
Sat 13 Aug 2022 03:38:04 AM UTC: 
 exercises.c | 3 ++-
 1 file changed, 2 insertions(+), 1 deletion(-)
In file included from test.c:5:
exercises.c: In function ‘crearPersona’:
exercises.c:75:3: error: ignoring return value of ‘scanf’ declared with attribute ‘warn_unused_result’ [-Werror=unused-result]
   75 |   scanf("%s", p->nombre);
      |   ^~~~~~~~~~~~~~~~~~~~~~
exercises.c:76:3: error: ignoring return value of ‘scanf’ declared with attribute ‘warn_unused_result’ [-Werror=unused-result]
   76 |   scanf("%s", p->rut);
      |   ^~~~~~~~~~~~~~~~~~~
exercises.c:77:3: error: ignoring return value of ‘scanf’ declared with attribute ‘warn_unused_result’ [-Werror=unused-result]
   77 |   scanf("%d", &p->edad);
      |   ^~~~~~~~~~~~~~~~~~~~~
cc1: all warnings being treated as errors
Compilation failed
0bc706c
Sat 13 Aug 2022 03:39:07 AM UTC: 
 exercises.c | 4 ++--
 1 file changed, 2 insertions(+), 2 deletions(-)
In file included from test.c:5:
exercises.c: In function ‘crearPersona’:
exercises.c:75:17: error: ‘p’ is a pointer; did you mean to use ‘->’?
   75 |   scanf("%s", &p.nombre);
      |                 ^
      |                 ->
exercises.c:76:17: error: ‘p’ is a pointer; did you mean to use ‘->’?
   76 |   scanf("%s", &p.rut);
      |                 ^
      |                 ->
exercises.c:77:3: error: ignoring return value of ‘scanf’ declared with attribute ‘warn_unused_result’ [-Werror=unused-result]
   77 |   scanf("%d", &p->edad);
      |   ^~~~~~~~~~~~~~~~~~~~~
cc1: all warnings being treated as errors
Compilation failed
70d6ef0
Sat 13 Aug 2022 03:39:24 AM UTC: 
 exercises.c | 4 ++--
 1 file changed, 2 insertions(+), 2 deletions(-)
In file included from test.c:5:
exercises.c: In function ‘crearPersona’:
exercises.c:75:11: error: format ‘%s’ expects argument of type ‘char *’, but argument 2 has type ‘char (*)[30]’ [-Werror=format=]
   75 |   scanf("%s", &p->nombre);
      |          ~^   ~~~~~~~~~~
      |           |   |
      |           |   char (*)[30]
      |           char *
exercises.c:76:11: error: format ‘%s’ expects argument of type ‘char *’, but argument 2 has type ‘char (*)[11]’ [-Werror=format=]
   76 |   scanf("%s", &p->rut);
      |          ~^   ~~~~~~~
      |           |   |
      |           |   char (*)[11]
      |           char *
exercises.c:75:3: error: ignoring return value of ‘scanf’ declared with attribute ‘warn_unused_result’ [-Werror=unused-result]
   75 |   scanf("%s", &p->nombre);
      |   ^~~~~~~~~~~~~~~~~~~~~~~
exercises.c:76:3: error: ignoring return value of ‘scanf’ declared with attribute ‘warn_unused_result’ [-Werror=unused-result]
   76 |   scanf("%s", &p->rut);
      |   ^~~~~~~~~~~~~~~~~~~~
exercises.c:77:3: error: ignoring return value of ‘scanf’ declared with attribute ‘warn_unused_result’ [-Werror=unused-result]
   77 |   scanf("%d", &p->edad);
      |   ^~~~~~~~~~~~~~~~~~~~~
cc1: all warnings being treated as errors
Compilation failed
ab0f16f
Sat 13 Aug 2022 03:39:39 AM UTC: 
 exercises.c | 4 ++--
 1 file changed, 2 insertions(+), 2 deletions(-)
In file included from test.c:5:
exercises.c: In function ‘crearPersona’:
exercises.c:75:11: error: format ‘%c’ expects argument of type ‘char *’, but argument 2 has type ‘char (*)[30]’ [-Werror=format=]
   75 |   scanf("%c", &p->nombre);
      |          ~^   ~~~~~~~~~~
      |           |   |
      |           |   char (*)[30]
      |           char *
exercises.c:76:11: error: format ‘%c’ expects argument of type ‘char *’, but argument 2 has type ‘char (*)[11]’ [-Werror=format=]
   76 |   scanf("%c", &p->rut);
      |          ~^   ~~~~~~~
      |           |   |
      |           |   char (*)[11]
      |           char *
exercises.c:75:3: error: ignoring return value of ‘scanf’ declared with attribute ‘warn_unused_result’ [-Werror=unused-result]
   75 |   scanf("%c", &p->nombre);
      |   ^~~~~~~~~~~~~~~~~~~~~~~
exercises.c:76:3: error: ignoring return value of ‘scanf’ declared with attribute ‘warn_unused_result’ [-Werror=unused-result]
   76 |   scanf("%c", &p->rut);
      |   ^~~~~~~~~~~~~~~~~~~~
exercises.c:77:3: error: ignoring return value of ‘scanf’ declared with attribute ‘warn_unused_result’ [-Werror=unused-result]
   77 |   scanf("%d", &p->edad);
      |   ^~~~~~~~~~~~~~~~~~~~~
cc1: all warnings being treated as errors
Compilation failed
6cb457f
Sat 13 Aug 2022 03:40:33 AM UTC: 
 exercises.c | 2 +-
 1 file changed, 1 insertion(+), 1 deletion(-)
In file included from test.c:5:
exercises.c: In function ‘crearPersona’:
exercises.c:75:11: error: format ‘%s’ expects argument of type ‘char *’, but argument 2 has type ‘char (*)[30]’ [-Werror=format=]
   75 |   scanf("%s", &p->nombre);
      |          ~^   ~~~~~~~~~~
      |           |   |
      |           |   char (*)[30]
      |           char *
exercises.c:76:11: error: format ‘%c’ expects argument of type ‘char *’, but argument 2 has type ‘char (*)[11]’ [-Werror=format=]
   76 |   scanf("%c", &p->rut);
      |          ~^   ~~~~~~~
      |           |   |
      |           |   char (*)[11]
      |           char *
exercises.c:75:3: error: ignoring return value of ‘scanf’ declared with attribute ‘warn_unused_result’ [-Werror=unused-result]
   75 |   scanf("%s", &p->nombre);
      |   ^~~~~~~~~~~~~~~~~~~~~~~
exercises.c:76:3: error: ignoring return value of ‘scanf’ declared with attribute ‘warn_unused_result’ [-Werror=unused-result]
   76 |   scanf("%c", &p->rut);
      |   ^~~~~~~~~~~~~~~~~~~~
exercises.c:77:3: error: ignoring return value of ‘scanf’ declared with attribute ‘warn_unused_result’ [-Werror=unused-result]
   77 |   scanf("%d", &p->edad);
      |   ^~~~~~~~~~~~~~~~~~~~~
cc1: all warnings being treated as errors
Compilation failed
bb923c9
Sat 13 Aug 2022 03:40:41 AM UTC: 
 exercises.c | 2 +-
 1 file changed, 1 insertion(+), 1 deletion(-)
In file included from test.c:5:
exercises.c: In function ‘crearPersona’:
exercises.c:76:11: error: format ‘%c’ expects argument of type ‘char *’, but argument 2 has type ‘char (*)[11]’ [-Werror=format=]
   76 |   scanf("%c", &p->rut);
      |          ~^   ~~~~~~~
      |           |   |
      |           |   char (*)[11]
      |           char *
exercises.c:75:3: error: ignoring return value of ‘scanf’ declared with attribute ‘warn_unused_result’ [-Werror=unused-result]
   75 |   scanf("%s", p->nombre);
      |   ^~~~~~~~~~~~~~~~~~~~~~
exercises.c:76:3: error: ignoring return value of ‘scanf’ declared with attribute ‘warn_unused_result’ [-Werror=unused-result]
   76 |   scanf("%c", &p->rut);
      |   ^~~~~~~~~~~~~~~~~~~~
exercises.c:77:3: error: ignoring return value of ‘scanf’ declared with attribute ‘warn_unused_result’ [-Werror=unused-result]
   77 |   scanf("%d", &p->edad);
      |   ^~~~~~~~~~~~~~~~~~~~~
cc1: all warnings being treated as errors
Compilation failed
1ccb06e
Sat 13 Aug 2022 03:40:53 AM UTC: 
 exercises.c | 2 +-
 1 file changed, 1 insertion(+), 1 deletion(-)
In file included from test.c:5:
exercises.c: In function ‘crearPersona’:
exercises.c:75:3: error: ignoring return value of ‘scanf’ declared with attribute ‘warn_unused_result’ [-Werror=unused-result]
   75 |   scanf("%s", p->nombre);
      |   ^~~~~~~~~~~~~~~~~~~~~~
exercises.c:76:3: error: ignoring return value of ‘scanf’ declared with attribute ‘warn_unused_result’ [-Werror=unused-result]
   76 |   scanf("%s", p->rut);
      |   ^~~~~~~~~~~~~~~~~~~
exercises.c:77:3: error: ignoring return value of ‘scanf’ declared with attribute ‘warn_unused_result’ [-Werror=unused-result]
   77 |   scanf("%d", &p->edad);
      |   ^~~~~~~~~~~~~~~~~~~~~
cc1: all warnings being treated as errors
Compilation failed
32d22f3
Sat 13 Aug 2022 03:41:10 AM UTC: 
 exercises.c | 2 +-
 1 file changed, 1 insertion(+), 1 deletion(-)
In file included from test.c:5:
exercises.c: In function ‘crearPersona’:
exercises.c:79:11: error: incompatible types when returning type ‘Persona’ but ‘Persona *’ was expected
   79 |   return (*p);
      |          ~^~~
exercises.c:75:3: error: ignoring return value of ‘scanf’ declared with attribute ‘warn_unused_result’ [-Werror=unused-result]
   75 |   scanf("%s", p->nombre);
      |   ^~~~~~~~~~~~~~~~~~~~~~
exercises.c:76:3: error: ignoring return value of ‘scanf’ declared with attribute ‘warn_unused_result’ [-Werror=unused-result]
   76 |   scanf("%s", p->rut);
      |   ^~~~~~~~~~~~~~~~~~~
exercises.c:77:3: error: ignoring return value of ‘scanf’ declared with attribute ‘warn_unused_result’ [-Werror=unused-result]
   77 |   scanf("%d", &p->edad);
      |   ^~~~~~~~~~~~~~~~~~~~~
exercises.c:80:1: error: control reaches end of non-void function [-Werror=return-type]
   80 | }
      | ^
cc1: all warnings being treated as errors
Compilation failed
6adf1dc
Sat 13 Aug 2022 03:41:16 AM UTC: 
 exercises.c | 2 +-
 1 file changed, 1 insertion(+), 1 deletion(-)
In file included from test.c:5:
exercises.c: In function ‘crearPersona’:
exercises.c:79:11: error: returning ‘Persona **’ from a function with incompatible return type ‘Persona *’ [-Werror=incompatible-pointer-types]
   79 |   return (&p);
      |          ~^~~
exercises.c:79:11: error: function returns address of local variable [-Werror=return-local-addr]
exercises.c:75:3: error: ignoring return value of ‘scanf’ declared with attribute ‘warn_unused_result’ [-Werror=unused-result]
   75 |   scanf("%s", p->nombre);
      |   ^~~~~~~~~~~~~~~~~~~~~~
exercises.c:76:3: error: ignoring return value of ‘scanf’ declared with attribute ‘warn_unused_result’ [-Werror=unused-result]
   76 |   scanf("%s", p->rut);
      |   ^~~~~~~~~~~~~~~~~~~
exercises.c:77:3: error: ignoring return value of ‘scanf’ declared with attribute ‘warn_unused_result’ [-Werror=unused-result]
   77 |   scanf("%d", &p->edad);
      |   ^~~~~~~~~~~~~~~~~~~~~
cc1: all warnings being treated as errors
Compilation failed
c738037
Sat 13 Aug 2022 03:41:29 AM UTC: 
 exercises.c | 2 +-
 1 file changed, 1 insertion(+), 1 deletion(-)
In file included from test.c:5:
exercises.c: In function ‘crearPersona’:
exercises.c:75:3: error: ignoring return value of ‘scanf’ declared with attribute ‘warn_unused_result’ [-Werror=unused-result]
   75 |   scanf("%s", p->nombre);
      |   ^~~~~~~~~~~~~~~~~~~~~~
exercises.c:76:3: error: ignoring return value of ‘scanf’ declared with attribute ‘warn_unused_result’ [-Werror=unused-result]
   76 |   scanf("%s", p->rut);
      |   ^~~~~~~~~~~~~~~~~~~
exercises.c:77:3: error: ignoring return value of ‘scanf’ declared with attribute ‘warn_unused_result’ [-Werror=unused-result]
   77 |   scanf("%d", &p->edad);
      |   ^~~~~~~~~~~~~~~~~~~~~
cc1: all warnings being treated as errors
Compilation failed
7880ddf
Sat 13 Aug 2022 03:41:57 AM UTC: 
 exercises.c | 10 +++++-----
 1 file changed, 5 insertions(+), 5 deletions(-)
In file included from test.c:5:
exercises.c: In function ‘crearPersona’:
exercises.c:75:3: error: ignoring return value of ‘scanf’ declared with attribute ‘warn_unused_result’ [-Werror=unused-result]
   75 |   scanf("%s", nuevaP->nombre);
      |   ^~~~~~~~~~~~~~~~~~~~~~~~~~~
exercises.c:76:3: error: ignoring return value of ‘scanf’ declared with attribute ‘warn_unused_result’ [-Werror=unused-result]
   76 |   scanf("%s", nuevaP->rut);
      |   ^~~~~~~~~~~~~~~~~~~~~~~~
exercises.c:77:3: error: ignoring return value of ‘scanf’ declared with attribute ‘warn_unused_result’ [-Werror=unused-result]
   77 |   scanf("%d", &nuevaP->edad);
      |   ^~~~~~~~~~~~~~~~~~~~~~~~~~
cc1: all warnings being treated as errors
Compilation failed
fbcb612
Sat 13 Aug 2022 03:43:44 AM UTC: 
 exercises.c | 2 +-
 1 file changed, 1 insertion(+), 1 deletion(-)
In file included from test.c:5:
exercises.c: In function ‘crearPersona’:
exercises.c:77:22: error: ‘nuevaP’ is a pointer; did you mean to use ‘->’?
   77 |   scanf("%d", &nuevaP.edad);
      |                      ^
      |                      ->
exercises.c:75:3: error: ignoring return value of ‘scanf’ declared with attribute ‘warn_unused_result’ [-Werror=unused-result]
   75 |   scanf("%s", nuevaP->nombre);
      |   ^~~~~~~~~~~~~~~~~~~~~~~~~~~
exercises.c:76:3: error: ignoring return value of ‘scanf’ declared with attribute ‘warn_unused_result’ [-Werror=unused-result]
   76 |   scanf("%s", nuevaP->rut);
      |   ^~~~~~~~~~~~~~~~~~~~~~~~
cc1: all warnings being treated as errors
Compilation failed
1c556ad
Sat 13 Aug 2022 03:43:52 AM UTC: 
 exercises.c | 2 +-
 1 file changed, 1 insertion(+), 1 deletion(-)
In file included from test.c:5:
exercises.c: In function ‘crearPersona’:
exercises.c:76:21: error: ‘nuevaP’ is a pointer; did you mean to use ‘->’?
   76 |   scanf("%s", nuevaP.rut);
      |                     ^
      |                     ->
exercises.c:77:22: error: ‘nuevaP’ is a pointer; did you mean to use ‘->’?
   77 |   scanf("%d", &nuevaP.edad);
      |                      ^
      |                      ->
exercises.c:75:3: error: ignoring return value of ‘scanf’ declared with attribute ‘warn_unused_result’ [-Werror=unused-result]
   75 |   scanf("%s", nuevaP->nombre);
      |   ^~~~~~~~~~~~~~~~~~~~~~~~~~~
cc1: all warnings being treated as errors
Compilation failed
8f0c6a2
Sat 13 Aug 2022 03:44:56 AM UTC: 
 exercises.c | 2 +-
 1 file changed, 1 insertion(+), 1 deletion(-)
In file included from test.c:5:
exercises.c: In function ‘crearPersona’:
exercises.c:77:22: error: ‘nuevaP’ is a pointer; did you mean to use ‘->’?
   77 |   scanf("%d", &nuevaP.edad);
      |                      ^
      |                      ->
exercises.c:75:3: error: ignoring return value of ‘scanf’ declared with attribute ‘warn_unused_result’ [-Werror=unused-result]
   75 |   scanf("%s", nuevaP->nombre);
      |   ^~~~~~~~~~~~~~~~~~~~~~~~~~~
exercises.c:76:3: error: ignoring return value of ‘scanf’ declared with attribute ‘warn_unused_result’ [-Werror=unused-result]
   76 |   scanf("%s", (*nuevaP).rut);
      |   ^~~~~~~~~~~~~~~~~~~~~~~~~~
cc1: all warnings being treated as errors
Compilation failed
bf47a99
Sat 13 Aug 2022 03:45:19 AM UTC: 
 exercises.c | 2 +-
 1 file changed, 1 insertion(+), 1 deletion(-)
In file included from test.c:5:
exercises.c: In function ‘crearPersona’:
exercises.c:75:3: error: ignoring return value of ‘scanf’ declared with attribute ‘warn_unused_result’ [-Werror=unused-result]
   75 |   scanf("%s", nuevaP->nombre);
      |   ^~~~~~~~~~~~~~~~~~~~~~~~~~~
exercises.c:76:3: error: ignoring return value of ‘scanf’ declared with attribute ‘warn_unused_result’ [-Werror=unused-result]
   76 |   scanf("%s", (*nuevaP).rut);
      |   ^~~~~~~~~~~~~~~~~~~~~~~~~~
exercises.c:77:3: error: ignoring return value of ‘scanf’ declared with attribute ‘warn_unused_result’ [-Werror=unused-result]
   77 |   scanf("%d", &nuevaP->edad);
      |   ^~~~~~~~~~~~~~~~~~~~~~~~~~
cc1: all warnings being treated as errors
Compilation failed
82a36a1
Sat 13 Aug 2022 03:45:29 AM UTC: 
 exercises.c | 2 +-
 1 file changed, 1 insertion(+), 1 deletion(-)
In file included from test.c:5:
exercises.c: In function ‘crearPersona’:
exercises.c:77:21: error: ‘nuevaP’ is a pointer; did you mean to use ‘->’?
   77 |   scanf("%d", nuevaP.edad);
      |                     ^
      |                     ->
exercises.c:75:3: error: ignoring return value of ‘scanf’ declared with attribute ‘warn_unused_result’ [-Werror=unused-result]
   75 |   scanf("%s", nuevaP->nombre);
      |   ^~~~~~~~~~~~~~~~~~~~~~~~~~~
exercises.c:76:3: error: ignoring return value of ‘scanf’ declared with attribute ‘warn_unused_result’ [-Werror=unused-result]
   76 |   scanf("%s", (*nuevaP).rut);
      |   ^~~~~~~~~~~~~~~~~~~~~~~~~~
cc1: all warnings being treated as errors
Compilation failed
8e45141
Sat 13 Aug 2022 03:47:56 AM UTC: 
 exercises.c | 5 +++--
 1 file changed, 3 insertions(+), 2 deletions(-)
In file included from test.c:5:
exercises.c: In function ‘crearPersona’:
exercises.c:76:21: error: ‘nuevaP’ is a pointer; did you mean to use ‘->’?
   76 |   scanf("%s", nuevaP.nombre);
      |                     ^
      |                     ->
exercises.c:78:21: error: ‘nuevaP’ is a pointer; did you mean to use ‘->’?
   78 |   scanf("%d", nuevaP.edad);
      |                     ^
      |                     ->
exercises.c:77:3: error: ignoring return value of ‘scanf’ declared with attribute ‘warn_unused_result’ [-Werror=unused-result]
   77 |   scanf("%s", (*nuevaP).rut);
      |   ^~~~~~~~~~~~~~~~~~~~~~~~~~
cc1: all warnings being treated as errors
Compilation failed
4b88806
Sat 13 Aug 2022 03:48:04 AM UTC: 
 exercises.c | 2 +-
 1 file changed, 1 insertion(+), 1 deletion(-)
In file included from test.c:5:
exercises.c: In function ‘crearPersona’:
exercises.c:78:21: error: ‘nuevaP’ is a pointer; did you mean to use ‘->’?
   78 |   scanf("%d", nuevaP.edad);
      |                     ^
      |                     ->
exercises.c:76:3: error: ignoring return value of ‘scanf’ declared with attribute ‘warn_unused_result’ [-Werror=unused-result]
   76 |   scanf("%s", nuevaP->nombre);
      |   ^~~~~~~~~~~~~~~~~~~~~~~~~~~
exercises.c:77:3: error: ignoring return value of ‘scanf’ declared with attribute ‘warn_unused_result’ [-Werror=unused-result]
   77 |   scanf("%s", (*nuevaP).rut);
      |   ^~~~~~~~~~~~~~~~~~~~~~~~~~
cc1: all warnings being treated as errors
Compilation failed
dbdb6ef
Sat 13 Aug 2022 03:48:22 AM UTC: 
 exercises.c | 2 +-
 1 file changed, 1 insertion(+), 1 deletion(-)
In file included from test.c:5:
exercises.c: In function ‘crearPersona’:
exercises.c:76:3: error: ignoring return value of ‘scanf’ declared with attribute ‘warn_unused_result’ [-Werror=unused-result]
   76 |   scanf("%s", nuevaP->nombre);
      |   ^~~~~~~~~~~~~~~~~~~~~~~~~~~
exercises.c:77:3: error: ignoring return value of ‘scanf’ declared with attribute ‘warn_unused_result’ [-Werror=unused-result]
   77 |   scanf("%s", (*nuevaP).rut);
      |   ^~~~~~~~~~~~~~~~~~~~~~~~~~
exercises.c:78:3: error: ignoring return value of ‘scanf’ declared with attribute ‘warn_unused_result’ [-Werror=unused-result]
   78 |   scanf("%d", &nuevaP->edad);
      |   ^~~~~~~~~~~~~~~~~~~~~~~~~~
exercises.c:76:21: error: ‘nuevaP’ is used uninitialized in this function [-Werror=uninitialized]
   76 |   scanf("%s", nuevaP->nombre);
      |               ~~~~~~^~~~~~~~
cc1: all warnings being treated as errors
Compilation failed
c4a9291
Sat 13 Aug 2022 03:48:34 AM UTC: 
 exercises.c | 2 +-
 1 file changed, 1 insertion(+), 1 deletion(-)
In file included from test.c:5:
exercises.c: In function ‘crearPersona’:
exercises.c:76:3: error: ignoring return value of ‘scanf’ declared with attribute ‘warn_unused_result’ [-Werror=unused-result]
   76 |   scanf("%s", nuevaP->nombre);
      |   ^~~~~~~~~~~~~~~~~~~~~~~~~~~
exercises.c:77:3: error: ignoring return value of ‘scanf’ declared with attribute ‘warn_unused_result’ [-Werror=unused-result]
   77 |   scanf("%s", nuevaP->rut);
      |   ^~~~~~~~~~~~~~~~~~~~~~~~
exercises.c:78:3: error: ignoring return value of ‘scanf’ declared with attribute ‘warn_unused_result’ [-Werror=unused-result]
   78 |   scanf("%d", &nuevaP->edad);
      |   ^~~~~~~~~~~~~~~~~~~~~~~~~~
exercises.c:76:21: error: ‘nuevaP’ is used uninitialized in this function [-Werror=uninitialized]
   76 |   scanf("%s", nuevaP->nombre);
      |               ~~~~~~^~~~~~~~
cc1: all warnings being treated as errors
Compilation failed
2119584
Sat 13 Aug 2022 03:51:46 AM UTC: 
 exercises.c | 8 ++++----
 1 file changed, 4 insertions(+), 4 deletions(-)
In file included from test.c:5:
exercises.c: In function ‘crearPersona’:
exercises.c:80:10: error: incompatible types when returning type ‘Persona’ but ‘Persona *’ was expected
   80 |   return (nuevaP);
      |          ^
exercises.c:76:3: error: ignoring return value of ‘scanf’ declared with attribute ‘warn_unused_result’ [-Werror=unused-result]
   76 |   scanf("%s", nuevaP.nombre);
      |   ^~~~~~~~~~~~~~~~~~~~~~~~~~
exercises.c:77:3: error: ignoring return value of ‘scanf’ declared with attribute ‘warn_unused_result’ [-Werror=unused-result]
   77 |   scanf("%s", nuevaP.rut);
      |   ^~~~~~~~~~~~~~~~~~~~~~~
exercises.c:78:3: error: ignoring return value of ‘scanf’ declared with attribute ‘warn_unused_result’ [-Werror=unused-result]
   78 |   scanf("%d", &nuevaP.edad);
      |   ^~~~~~~~~~~~~~~~~~~~~~~~~
exercises.c:81:1: error: control reaches end of non-void function [-Werror=return-type]
   81 | }
      | ^
cc1: all warnings being treated as errors
Compilation failed
c32f450
Sat 13 Aug 2022 03:51:54 AM UTC: 
 exercises.c | 2 +-
 1 file changed, 1 insertion(+), 1 deletion(-)
In file included from test.c:5:
exercises.c: In function ‘crearPersona’:
exercises.c:76:21: error: ‘(Persona *)&nuevaP’ is a pointer; did you mean to use ‘->’?
   76 |   scanf("%s", nuevaP.nombre);
      |                     ^
      |                     ->
exercises.c:77:21: error: ‘(Persona *)&nuevaP’ is a pointer; did you mean to use ‘->’?
   77 |   scanf("%s", nuevaP.rut);
      |                     ^
      |                     ->
exercises.c:78:22: error: ‘(Persona *)&nuevaP’ is a pointer; did you mean to use ‘->’?
   78 |   scanf("%d", &nuevaP.edad);
      |                      ^
      |                      ->
exercises.c:80:10: error: function returns address of local variable [-Werror=return-local-addr]
   80 |   return (nuevaP);
      |          ^
cc1: all warnings being treated as errors
Compilation failed
913a705
Sat 13 Aug 2022 03:52:13 AM UTC: 
 exercises.c | 6 +++---
 1 file changed, 3 insertions(+), 3 deletions(-)
In file included from test.c:5:
exercises.c: In function ‘crearPersona’:
exercises.c:80:10: error: function returns address of local variable [-Werror=return-local-addr]
   80 |   return (nuevaP);
      |          ^
exercises.c:76:3: error: ignoring return value of ‘scanf’ declared with attribute ‘warn_unused_result’ [-Werror=unused-result]
   76 |   scanf("%s", nuevaP[0].nombre);
      |   ^~~~~~~~~~~~~~~~~~~~~~~~~~~~~
exercises.c:77:3: error: ignoring return value of ‘scanf’ declared with attribute ‘warn_unused_result’ [-Werror=unused-result]
   77 |   scanf("%s", nuevaP[0].rut);
      |   ^~~~~~~~~~~~~~~~~~~~~~~~~~
exercises.c:78:3: error: ignoring return value of ‘scanf’ declared with attribute ‘warn_unused_result’ [-Werror=unused-result]
   78 |   scanf("%d", &nuevaP[0].edad);
      |   ^~~~~~~~~~~~~~~~~~~~~~~~~~~~
cc1: all warnings being treated as errors
Compilation failed
812daee
Sat 13 Aug 2022 03:52:19 AM UTC: 
 exercises.c | 2 +-
 1 file changed, 1 insertion(+), 1 deletion(-)
In file included from test.c:5:
exercises.c: In function ‘crearPersona’:
exercises.c:80:17: error: incompatible types when returning type ‘Persona’ but ‘Persona *’ was expected
   80 |   return (nuevaP[0]);
      |          ~~~~~~~^~~~
exercises.c:76:3: error: ignoring return value of ‘scanf’ declared with attribute ‘warn_unused_result’ [-Werror=unused-result]
   76 |   scanf("%s", nuevaP[0].nombre);
      |   ^~~~~~~~~~~~~~~~~~~~~~~~~~~~~
exercises.c:77:3: error: ignoring return value of ‘scanf’ declared with attribute ‘warn_unused_result’ [-Werror=unused-result]
   77 |   scanf("%s", nuevaP[0].rut);
      |   ^~~~~~~~~~~~~~~~~~~~~~~~~~
exercises.c:78:3: error: ignoring return value of ‘scanf’ declared with attribute ‘warn_unused_result’ [-Werror=unused-result]
   78 |   scanf("%d", &nuevaP[0].edad);
      |   ^~~~~~~~~~~~~~~~~~~~~~~~~~~~
exercises.c:81:1: error: control reaches end of non-void function [-Werror=return-type]
   81 | }
      | ^
cc1: all warnings being treated as errors
Compilation failed
f567940
Sat 13 Aug 2022 03:52:30 AM UTC: 
 exercises.c | 2 +-
 1 file changed, 1 insertion(+), 1 deletion(-)
In file included from test.c:5:
exercises.c: In function ‘crearPersona’:
exercises.c:76:24: error: ‘nuevaP[0]’ is a pointer; did you mean to use ‘->’?
   76 |   scanf("%s", nuevaP[0].nombre);
      |                        ^
      |                        ->
exercises.c:77:24: error: ‘nuevaP[0]’ is a pointer; did you mean to use ‘->’?
   77 |   scanf("%s", nuevaP[0].rut);
      |                        ^
      |                        ->
exercises.c:78:25: error: ‘nuevaP[0]’ is a pointer; did you mean to use ‘->’?
   78 |   scanf("%d", &nuevaP[0].edad);
      |                         ^
      |                         ->
Compilation failed
e8c5c72
Sat 13 Aug 2022 03:52:49 AM UTC: 
 exercises.c | 6 +++---
 1 file changed, 3 insertions(+), 3 deletions(-)
In file included from test.c:5:
exercises.c: In function ‘crearPersona’:
exercises.c:76:3: error: ignoring return value of ‘scanf’ declared with attribute ‘warn_unused_result’ [-Werror=unused-result]
   76 |   scanf("%s", nuevaP[0]->nombre);
      |   ^~~~~~~~~~~~~~~~~~~~~~~~~~~~~~
exercises.c:77:3: error: ignoring return value of ‘scanf’ declared with attribute ‘warn_unused_result’ [-Werror=unused-result]
   77 |   scanf("%s", nuevaP[0]->rut);
      |   ^~~~~~~~~~~~~~~~~~~~~~~~~~~
exercises.c:78:3: error: ignoring return value of ‘scanf’ declared with attribute ‘warn_unused_result’ [-Werror=unused-result]
   78 |   scanf("%d", &nuevaP[0]->edad);
      |   ^~~~~~~~~~~~~~~~~~~~~~~~~~~~~
exercises.c:76:21: error: ‘nuevaP[0]’ is used uninitialized in this function [-Werror=uninitialized]
   76 |   scanf("%s", nuevaP[0]->nombre);
      |               ~~~~~~^~~
exercises.c:77:21: error: ‘nuevaP[0]’ is used uninitialized in this function [-Werror=uninitialized]
   77 |   scanf("%s", nuevaP[0]->rut);
      |               ~~~~~~^~~
exercises.c:78:22: error: ‘nuevaP[0]’ is used uninitialized in this function [-Werror=uninitialized]
   78 |   scanf("%d", &nuevaP[0]->edad);
      |                ~~~~~~^~~
exercises.c:80:17: error: ‘nuevaP[0]’ is used uninitialized in this function [-Werror=uninitialized]
   80 |   return (nuevaP[0]);
      |          ~~~~~~~^~~~
exercises.c:76:24: error: ‘nuevaP[0]’ is used uninitialized in this function [-Werror=uninitialized]
   76 |   scanf("%s", nuevaP[0]->nombre);
      |               ~~~~~~~~~^~~~~~~~
cc1: all warnings being treated as errors
Compilation failed
3dcd755
Sat 13 Aug 2022 03:53:35 AM UTC: 
 exercises.c | 4 ++--
 1 file changed, 2 insertions(+), 2 deletions(-)
In file included from test.c:5:
exercises.c: In function ‘crearPersona’:
exercises.c:76:24: error: invalid type argument of ‘->’ (have ‘Persona’)
   76 |   scanf("%s", nuevaP[0]->nombre);
      |                        ^~
exercises.c:77:24: error: invalid type argument of ‘->’ (have ‘Persona’)
   77 |   scanf("%s", nuevaP[0]->rut);
      |                        ^~
exercises.c:78:25: error: invalid type argument of ‘->’ (have ‘Persona’)
   78 |   scanf("%d", &nuevaP[0]->edad);
      |                         ^~
exercises.c:80:17: error: incompatible types when returning type ‘Persona’ but ‘Persona *’ was expected
   80 |   return (nuevaP[0]);
      |          ~~~~~~~^~~~
exercises.c:81:1: error: control reaches end of non-void function [-Werror=return-type]
   81 | }
      | ^
cc1: all warnings being treated as errors
Compilation failed
fbf4877
Sat 13 Aug 2022 03:54:14 AM UTC: 
 exercises.c | 2 +-
 1 file changed, 1 insertion(+), 1 deletion(-)
In file included from test.c:5:
exercises.c: In function ‘crearPersona’:
exercises.c:77:24: error: invalid type argument of ‘->’ (have ‘Persona’)
   77 |   scanf("%s", nuevaP[0]->rut);
      |                        ^~
exercises.c:78:25: error: invalid type argument of ‘->’ (have ‘Persona’)
   78 |   scanf("%d", &nuevaP[0]->edad);
      |                         ^~
exercises.c:80:17: error: incompatible types when returning type ‘Persona’ but ‘Persona *’ was expected
   80 |   return (nuevaP[0]);
      |          ~~~~~~~^~~~
exercises.c:76:3: error: ignoring return value of ‘scanf’ declared with attribute ‘warn_unused_result’ [-Werror=unused-result]
   76 |   scanf("%s", nuevaP[0].nombre);
      |   ^~~~~~~~~~~~~~~~~~~~~~~~~~~~~
exercises.c:81:1: error: control reaches end of non-void function [-Werror=return-type]
   81 | }
      | ^
cc1: all warnings being treated as errors
Compilation failed
1bef7ef
Sat 13 Aug 2022 03:54:27 AM UTC: 
 exercises.c | 4 ++--
 1 file changed, 2 insertions(+), 2 deletions(-)
In file included from test.c:5:
exercises.c: In function ‘crearPersona’:
exercises.c:80:17: error: incompatible types when returning type ‘Persona’ but ‘Persona *’ was expected
   80 |   return (nuevaP[0]);
      |          ~~~~~~~^~~~
exercises.c:76:3: error: ignoring return value of ‘scanf’ declared with attribute ‘warn_unused_result’ [-Werror=unused-result]
   76 |   scanf("%s", nuevaP[0].nombre);
      |   ^~~~~~~~~~~~~~~~~~~~~~~~~~~~~
exercises.c:77:3: error: ignoring return value of ‘scanf’ declared with attribute ‘warn_unused_result’ [-Werror=unused-result]
   77 |   scanf("%s", nuevaP[0].rut);
      |   ^~~~~~~~~~~~~~~~~~~~~~~~~~
exercises.c:78:3: error: ignoring return value of ‘scanf’ declared with attribute ‘warn_unused_result’ [-Werror=unused-result]
   78 |   scanf("%d", &nuevaP[0].edad);
      |   ^~~~~~~~~~~~~~~~~~~~~~~~~~~~
exercises.c:81:1: error: control reaches end of non-void function [-Werror=return-type]
   81 | }
      | ^
cc1: all warnings being treated as errors
Compilation failed
9456f84
Sat 13 Aug 2022 03:54:34 AM UTC: 
 exercises.c | 2 +-
 1 file changed, 1 insertion(+), 1 deletion(-)
In file included from test.c:5:
exercises.c: In function ‘crearPersona’:
exercises.c:78:25: error: invalid type argument of ‘->’ (have ‘Persona’)
   78 |   scanf("%d", &nuevaP[0]->edad);
      |                         ^~
exercises.c:80:17: error: incompatible types when returning type ‘Persona’ but ‘Persona *’ was expected
   80 |   return (nuevaP[0]);
      |          ~~~~~~~^~~~
exercises.c:76:3: error: ignoring return value of ‘scanf’ declared with attribute ‘warn_unused_result’ [-Werror=unused-result]
   76 |   scanf("%s", nuevaP[0].nombre);
      |   ^~~~~~~~~~~~~~~~~~~~~~~~~~~~~
exercises.c:77:3: error: ignoring return value of ‘scanf’ declared with attribute ‘warn_unused_result’ [-Werror=unused-result]
   77 |   scanf("%s", nuevaP[0].rut);
      |   ^~~~~~~~~~~~~~~~~~~~~~~~~~
exercises.c:81:1: error: control reaches end of non-void function [-Werror=return-type]
   81 | }
      | ^
cc1: all warnings being treated as errors
Compilation failed
806ac7c
Sat 13 Aug 2022 03:55:10 AM UTC: 
 exercises.c | 2 +-
 1 file changed, 1 insertion(+), 1 deletion(-)
In file included from test.c:5:
exercises.c: In function ‘crearPersona’:
exercises.c:78:25: error: invalid type argument of ‘->’ (have ‘Persona’)
   78 |   scanf("%d", &nuevaP[0]->edad);
      |                         ^~
exercises.c:76:3: error: ignoring return value of ‘scanf’ declared with attribute ‘warn_unused_result’ [-Werror=unused-result]
   76 |   scanf("%s", nuevaP[0].nombre);
      |   ^~~~~~~~~~~~~~~~~~~~~~~~~~~~~
exercises.c:77:3: error: ignoring return value of ‘scanf’ declared with attribute ‘warn_unused_result’ [-Werror=unused-result]
   77 |   scanf("%s", nuevaP[0].rut);
      |   ^~~~~~~~~~~~~~~~~~~~~~~~~~
cc1: all warnings being treated as errors
Compilation failed
ca1c5b5
Sat 13 Aug 2022 03:55:24 AM UTC: 
 exercises.c | 2 +-
 1 file changed, 1 insertion(+), 1 deletion(-)
In file included from test.c:5:
exercises.c: In function ‘crearPersona’:
exercises.c:76:3: error: ignoring return value of ‘scanf’ declared with attribute ‘warn_unused_result’ [-Werror=unused-result]
   76 |   scanf("%s", nuevaP[0].nombre);
      |   ^~~~~~~~~~~~~~~~~~~~~~~~~~~~~
exercises.c:77:3: error: ignoring return value of ‘scanf’ declared with attribute ‘warn_unused_result’ [-Werror=unused-result]
   77 |   scanf("%s", nuevaP[0].rut);
      |   ^~~~~~~~~~~~~~~~~~~~~~~~~~
exercises.c:78:3: error: ignoring return value of ‘scanf’ declared with attribute ‘warn_unused_result’ [-Werror=unused-result]
   78 |   scanf("%d", &nuevaP[0].edad);
      |   ^~~~~~~~~~~~~~~~~~~~~~~~~~~~
cc1: all warnings being treated as errors
Compilation failed
4f3c0e1
Sat 13 Aug 2022 03:56:07 AM UTC: 
 exercises.c | 7 ++++---
 1 file changed, 4 insertions(+), 3 deletions(-)
 tests:  2|5
total_score: 20/70
bb10a35
Sat 13 Aug 2022 03:56:35 AM UTC: 
 exercises.c | 2 +-
 1 file changed, 1 insertion(+), 1 deletion(-)
 tests:  2|5
total_score: 20/70
737e2a1
Sat 13 Aug 2022 03:57:43 AM UTC: 
 exercises.c | 2 +-
 1 file changed, 1 insertion(+), 1 deletion(-)
 tests:  2|5
total_score: 20/70
468fe16
Sat 13 Aug 2022 04:00:29 AM UTC: 
 exercises.c | 7 ++++++-
 1 file changed, 6 insertions(+), 1 deletion(-)
In file included from test.c:5:
exercises.c: In function ‘crearVector’:
exercises.c:102:17: error: invalid type argument of ‘->’ (have ‘Vector’)
  102 |       arreglo[i]->datos = 0;
      |                 ^~
exercises.c:103:17: error: invalid type argument of ‘->’ (have ‘Vector’)
  103 |       arreglo[i]->capacidad = 0;
      |                 ^~
Compilation failed
f0b14f0
Sat 13 Aug 2022 04:00:56 AM UTC: 
 exercises.c | 4 ++--
 1 file changed, 2 insertions(+), 2 deletions(-)
 tests:  2|5
total_score: 20/70
0ea44d3
Sat 13 Aug 2022 04:07:26 AM UTC: 
 exercises.c | 2 +-
 1 file changed, 1 insertion(+), 1 deletion(-)
 tests:  2|5
total_score: 20/70
1eecc2a
Sat 13 Aug 2022 04:07:53 AM UTC: 
 exercises.c | 2 +-
 1 file changed, 1 insertion(+), 1 deletion(-)
 tests:  2|5
total_score: 20/70
5645298
Sat 13 Aug 2022 04:08:33 AM UTC: 
 exercises.c | 8 ++++----
 1 file changed, 4 insertions(+), 4 deletions(-)
In file included from test.c:5:
exercises.c: In function ‘crearPersona’:
exercises.c:76:3: error: ignoring return value of ‘scanf’ declared with attribute ‘warn_unused_result’ [-Werror=unused-result]
   76 |   scanf("%s", nuevaP[0].nombre);
      |   ^~~~~~~~~~~~~~~~~~~~~~~~~~~~~
exercises.c:77:3: error: ignoring return value of ‘scanf’ declared with attribute ‘warn_unused_result’ [-Werror=unused-result]
   77 |   scanf("%s", nuevaP[0].rut);
      |   ^~~~~~~~~~~~~~~~~~~~~~~~~~
exercises.c:78:3: error: ignoring return value of ‘scanf’ declared with attribute ‘warn_unused_result’ [-Werror=unused-result]
   78 |   scanf("%d", &nuevaP[0].edad);
      |   ^~~~~~~~~~~~~~~~~~~~~~~~~~~~
cc1: all warnings being treated as errors
Compilation failed
9a95cfe
Sat 13 Aug 2022 04:08:50 AM UTC: 
 exercises.c | 6 +++---
 1 file changed, 3 insertions(+), 3 deletions(-)
In file included from test.c:5:
exercises.c: In function ‘crearPersona’:
exercises.c:76:21: error: ‘nuevaP’ is a pointer; did you mean to use ‘->’?
   76 |   scanf("%s", nuevaP.nombre);
      |                     ^
      |                     ->
exercises.c:77:21: error: ‘nuevaP’ is a pointer; did you mean to use ‘->’?
   77 |   scanf("%s", nuevaP.rut);
      |                     ^
      |                     ->
exercises.c:78:22: error: ‘nuevaP’ is a pointer; did you mean to use ‘->’?
   78 |   scanf("%d", &nuevaP.edad);
      |                      ^
      |                      ->
Compilation failed
7c85611
Sat 13 Aug 2022 04:08:56 AM UTC: 
 exercises.c | 2 +-
 1 file changed, 1 insertion(+), 1 deletion(-)
In file included from test.c:5:
exercises.c: In function ‘crearPersona’:
exercises.c:76:21: error: ‘nuevaP’ is a pointer; did you mean to use ‘->’?
   76 |   scanf("%s", nuevaP.nombre);
      |                     ^
      |                     ->
exercises.c:77:21: error: ‘nuevaP’ is a pointer; did you mean to use ‘->’?
   77 |   scanf("%s", nuevaP.rut);
      |                     ^
      |                     ->
exercises.c:78:3: error: ignoring return value of ‘scanf’ declared with attribute ‘warn_unused_result’ [-Werror=unused-result]
   78 |   scanf("%d", &nuevaP->edad);
      |   ^~~~~~~~~~~~~~~~~~~~~~~~~~
cc1: all warnings being treated as errors
Compilation failed
19d5fe2
Sat 13 Aug 2022 04:10:17 AM UTC: 
 exercises.c | 4 ++--
 1 file changed, 2 insertions(+), 2 deletions(-)
In file included from test.c:5:
exercises.c: In function ‘crearPersona’:
exercises.c:76:3: error: ignoring return value of ‘scanf’ declared with attribute ‘warn_unused_result’ [-Werror=unused-result]
   76 |   scanf("%s", nuevaP->nombre);
      |   ^~~~~~~~~~~~~~~~~~~~~~~~~~~
exercises.c:77:3: error: ignoring return value of ‘scanf’ declared with attribute ‘warn_unused_result’ [-Werror=unused-result]
   77 |   scanf("%s", nuevaP->rut);
      |   ^~~~~~~~~~~~~~~~~~~~~~~~
exercises.c:78:3: error: ignoring return value of ‘scanf’ declared with attribute ‘warn_unused_result’ [-Werror=unused-result]
   78 |   scanf("%d", &nuevaP->edad);
      |   ^~~~~~~~~~~~~~~~~~~~~~~~~~
cc1: all warnings being treated as errors
Compilation failed
ab23b83
Sat 13 Aug 2022 04:10:32 AM UTC: 
 exercises.c | 2 +-
 1 file changed, 1 insertion(+), 1 deletion(-)
In file included from test.c:5:
exercises.c: In function ‘crearPersona’:
exercises.c:76:3: error: ignoring return value of ‘scanf’ declared with attribute ‘warn_unused_result’ [-Werror=unused-result]
   76 |   scanf("%s", nuevaP->nombre);
      |   ^~~~~~~~~~~~~~~~~~~~~~~~~~~
exercises.c:77:3: error: ignoring return value of ‘scanf’ declared with attribute ‘warn_unused_result’ [-Werror=unused-result]
   77 |   scanf("%s", nuevaP->rut);
      |   ^~~~~~~~~~~~~~~~~~~~~~~~
exercises.c:78:3: error: ignoring return value of ‘scanf’ declared with attribute ‘warn_unused_result’ [-Werror=unused-result]
   78 |   scanf("%d", &nuevaP->edad);
      |   ^~~~~~~~~~~~~~~~~~~~~~~~~~
cc1: all warnings being treated as errors
Compilation failed
50799b9
Sat 13 Aug 2022 04:10:56 AM UTC: 
 exercises.c | 3 ++-
 1 file changed, 2 insertions(+), 1 deletion(-)
In file included from test.c:5:
exercises.c: In function ‘crearPersona’:
exercises.c:77:3: error: ignoring return value of ‘scanf’ declared with attribute ‘warn_unused_result’ [-Werror=unused-result]
   77 |   scanf("%s", nuevaP->nombre);
      |   ^~~~~~~~~~~~~~~~~~~~~~~~~~~
exercises.c:78:3: error: ignoring return value of ‘scanf’ declared with attribute ‘warn_unused_result’ [-Werror=unused-result]
   78 |   scanf("%s", nuevaP->rut);
      |   ^~~~~~~~~~~~~~~~~~~~~~~~
exercises.c:79:3: error: ignoring return value of ‘scanf’ declared with attribute ‘warn_unused_result’ [-Werror=unused-result]
   79 |   scanf("%d", &nuevaP->edad);
      |   ^~~~~~~~~~~~~~~~~~~~~~~~~~
cc1: all warnings being treated as errors
Compilation failed
b2df8b7
Sat 13 Aug 2022 04:11:43 AM UTC: 
 exercises.c | 2 +-
 1 file changed, 1 insertion(+), 1 deletion(-)
In file included from test.c:5:
exercises.c: In function ‘crearPersona’:
exercises.c:77:3: error: ignoring return value of ‘scanf’ declared with attribute ‘warn_unused_result’ [-Werror=unused-result]
   77 |   scanf("%s", nuevaP->nombre);
      |   ^~~~~~~~~~~~~~~~~~~~~~~~~~~
exercises.c:78:3: error: ignoring return value of ‘scanf’ declared with attribute ‘warn_unused_result’ [-Werror=unused-result]
   78 |   scanf("%s", nuevaP->rut);
      |   ^~~~~~~~~~~~~~~~~~~~~~~~
exercises.c:79:3: error: ignoring return value of ‘scanf’ declared with attribute ‘warn_unused_result’ [-Werror=unused-result]
   79 |   scanf("%d", &nuevaP->edad);
      |   ^~~~~~~~~~~~~~~~~~~~~~~~~~
cc1: all warnings being treated as errors
Compilation failed
5ff27ad
Sat 13 Aug 2022 04:11:52 AM UTC: 
 exercises.c | 2 +-
 1 file changed, 1 insertion(+), 1 deletion(-)
In file included from test.c:5:
exercises.c: In function ‘crearPersona’:
exercises.c:77:3: error: ignoring return value of ‘scanf’ declared with attribute ‘warn_unused_result’ [-Werror=unused-result]
   77 |   scanf("%s", nuevaP->nombre);
      |   ^~~~~~~~~~~~~~~~~~~~~~~~~~~
exercises.c:78:3: error: ignoring return value of ‘scanf’ declared with attribute ‘warn_unused_result’ [-Werror=unused-result]
   78 |   scanf("%s", nuevaP->rut);
      |   ^~~~~~~~~~~~~~~~~~~~~~~~
exercises.c:79:3: error: ignoring return value of ‘scanf’ declared with attribute ‘warn_unused_result’ [-Werror=unused-result]
   79 |   scanf("%d", &nuevaP->edad);
      |   ^~~~~~~~~~~~~~~~~~~~~~~~~~
cc1: all warnings being treated as errors
Compilation failed
fc53281
Sat 13 Aug 2022 04:13:14 AM UTC: 
 exercises.c | 6 +++---
 1 file changed, 3 insertions(+), 3 deletions(-)
In file included from test.c:5:
exercises.c: In function ‘crearPersona’:
exercises.c:77:3: error: ignoring return value of ‘scanf’ declared with attribute ‘warn_unused_result’ [-Werror=unused-result]
   77 |   scanf("%s %s (%d)", nuevaP->nombre, nuevaP->rut, &nuevaP->edad);
      |   ^~~~~~~~~~~~~~~~~~~~~~~~~~~~~~~~~~~~~~~~~~~~~~~~~~~~~~~~~~~~~~~
cc1: all warnings being treated as errors
Compilation failed
e0a3525
Sat 13 Aug 2022 04:13:45 AM UTC: 
 exercises.c | 2 +-
 1 file changed, 1 insertion(+), 1 deletion(-)
In file included from test.c:5:
exercises.c: In function ‘crearPersona’:
exercises.c:77:3: error: ignoring return value of ‘scanf’ declared with attribute ‘warn_unused_result’ [-Werror=unused-result]
   77 |   scanf("%s %s %d", nuevaP->nombre, nuevaP->rut, &nuevaP->edad);
      |   ^~~~~~~~~~~~~~~~~~~~~~~~~~~~~~~~~~~~~~~~~~~~~~~~~~~~~~~~~~~~~
cc1: all warnings being treated as errors
Compilation failed
d7e958f
Sat 13 Aug 2022 04:14:09 AM UTC: 
 exercises.c | 2 +-
 1 file changed, 1 insertion(+), 1 deletion(-)
In file included from test.c:5:
exercises.c: In function ‘crearPersona’:
exercises.c:77:11: error: format ‘%s’ expects argument of type ‘char *’, but argument 2 has type ‘char (*)[30]’ [-Werror=format=]
   77 |   scanf("%s %s %d", &nuevaP->nombre, &nuevaP->rut, &nuevaP->edad);
      |          ~^         ~~~~~~~~~~~~~~~
      |           |         |
      |           char *    char (*)[30]
exercises.c:77:14: error: format ‘%s’ expects argument of type ‘char *’, but argument 3 has type ‘char (*)[11]’ [-Werror=format=]
   77 |   scanf("%s %s %d", &nuevaP->nombre, &nuevaP->rut, &nuevaP->edad);
      |             ~^                       ~~~~~~~~~~~~
      |              |                       |
      |              char *                  char (*)[11]
exercises.c:77:3: error: ignoring return value of ‘scanf’ declared with attribute ‘warn_unused_result’ [-Werror=unused-result]
   77 |   scanf("%s %s %d", &nuevaP->nombre, &nuevaP->rut, &nuevaP->edad);
      |   ^~~~~~~~~~~~~~~~~~~~~~~~~~~~~~~~~~~~~~~~~~~~~~~~~~~~~~~~~~~~~~~
cc1: all warnings being treated as errors
Compilation failed
7fb2e2e
Sat 13 Aug 2022 04:14:45 AM UTC: 
 exercises.c | 7 ++++---
 1 file changed, 4 insertions(+), 3 deletions(-)
In file included from test.c:5:
exercises.c: In function ‘crearPersona’:
exercises.c:77:11: error: format ‘%s’ expects argument of type ‘char *’, but argument 2 has type ‘char (*)[30]’ [-Werror=format=]
   77 |   scanf("%s", &nuevaP->nombre);
      |          ~^   ~~~~~~~~~~~~~~~
      |           |   |
      |           |   char (*)[30]
      |           char *
exercises.c:79:11: error: format ‘%s’ expects argument of type ‘char *’, but argument 2 has type ‘char (*)[11]’ [-Werror=format=]
   79 |   scanf("%s", &nuevaP->rut);
      |          ~^   ~~~~~~~~~~~~
      |           |   |
      |           |   char (*)[11]
      |           char *
exercises.c:77:3: error: ignoring return value of ‘scanf’ declared with attribute ‘warn_unused_result’ [-Werror=unused-result]
   77 |   scanf("%s", &nuevaP->nombre);
      |   ^~~~~~~~~~~~~~~~~~~~~~~~~~~~
exercises.c:79:3: error: ignoring return value of ‘scanf’ declared with attribute ‘warn_unused_result’ [-Werror=unused-result]
   79 |   scanf("%s", &nuevaP->rut);
      |   ^~~~~~~~~~~~~~~~~~~~~~~~~
exercises.c:80:3: error: ignoring return value of ‘scanf’ declared with attribute ‘warn_unused_result’ [-Werror=unused-result]
   80 |   scanf("%d", &nuevaP->edad);
      |   ^~~~~~~~~~~~~~~~~~~~~~~~~~
cc1: all warnings being treated as errors
Compilation failed
08fdfd4
Sat 13 Aug 2022 04:15:49 AM UTC: 
 exercises.c | 4 ++--
 1 file changed, 2 insertions(+), 2 deletions(-)
In file included from test.c:5:
exercises.c: In function ‘crearPersona’:
exercises.c:77:23: error: expected identifier before ‘*’ token
   77 |   scanf("%s", nuevaP->*nombre);
      |                       ^
exercises.c:79:23: error: expected identifier before ‘*’ token
   79 |   scanf("%s", nuevaP->*rut);
      |                       ^
exercises.c:80:3: error: ignoring return value of ‘scanf’ declared with attribute ‘warn_unused_result’ [-Werror=unused-result]
   80 |   scanf("%d", &nuevaP->edad);
      |   ^~~~~~~~~~~~~~~~~~~~~~~~~~
cc1: all warnings being treated as errors
Compilation failed
921bdce
Sat 13 Aug 2022 04:16:10 AM UTC: 
 exercises.c | 4 ++--
 1 file changed, 2 insertions(+), 2 deletions(-)
In file included from test.c:5:
exercises.c: In function ‘crearPersona’:
exercises.c:77:23: error: expected identifier before ‘&’ token
   77 |   scanf("%s", nuevaP->&nombre);
      |                       ^
exercises.c:79:23: error: expected identifier before ‘&’ token
   79 |   scanf("%s", nuevaP->&rut);
      |                       ^
exercises.c:80:3: error: ignoring return value of ‘scanf’ declared with attribute ‘warn_unused_result’ [-Werror=unused-result]
   80 |   scanf("%d", &nuevaP->edad);
      |   ^~~~~~~~~~~~~~~~~~~~~~~~~~
cc1: all warnings being treated as errors
Compilation failed
3386256
Sat 13 Aug 2022 04:28:01 AM UTC: 
 exercises.c | 6 +++---
 1 file changed, 3 insertions(+), 3 deletions(-)
In file included from test.c:5:
exercises.c: In function ‘crearPersona’:
exercises.c:77:26: error: expected identifier before ‘&’ token
   77 |   scanf("%s", nuevaP[0]->&nombre);
      |                          ^
exercises.c:79:26: error: expected identifier before ‘&’ token
   79 |   scanf("%s", nuevaP[0]->&rut);
      |                          ^
exercises.c:80:25: error: invalid type argument of ‘->’ (have ‘Persona’)
   80 |   scanf("%d", &nuevaP[0]->edad);
      |                         ^~
Compilation failed
3cb978e
Sat 13 Aug 2022 04:28:12 AM UTC: 
 exercises.c | 4 ++--
 1 file changed, 2 insertions(+), 2 deletions(-)
In file included from test.c:5:
exercises.c: In function ‘crearPersona’:
exercises.c:77:24: error: invalid type argument of ‘->’ (have ‘Persona’)
   77 |   scanf("%s", nuevaP[0]->nombre);
      |                        ^~
exercises.c:79:24: error: invalid type argument of ‘->’ (have ‘Persona’)
   79 |   scanf("%s", nuevaP[0]->rut);
      |                        ^~
exercises.c:80:25: error: invalid type argument of ‘->’ (have ‘Persona’)
   80 |   scanf("%d", &nuevaP[0]->edad);
      |                         ^~
Compilation failed
86525e9
Sat 13 Aug 2022 04:28:30 AM UTC: 
 exercises.c | 4 ++--
 1 file changed, 2 insertions(+), 2 deletions(-)
In file included from test.c:5:
exercises.c: In function ‘crearPersona’:
exercises.c:80:25: error: invalid type argument of ‘->’ (have ‘Persona’)
   80 |   scanf("%d", &nuevaP[0]->edad);
      |                         ^~
exercises.c:77:3: error: ignoring return value of ‘scanf’ declared with attribute ‘warn_unused_result’ [-Werror=unused-result]
   77 |   scanf("%s", nuevaP[0].nombre);
      |   ^~~~~~~~~~~~~~~~~~~~~~~~~~~~~
exercises.c:79:3: error: ignoring return value of ‘scanf’ declared with attribute ‘warn_unused_result’ [-Werror=unused-result]
   79 |   scanf("%s", nuevaP[0].rut);
      |   ^~~~~~~~~~~~~~~~~~~~~~~~~~
cc1: all warnings being treated as errors
Compilation failed
56d321d
Sat 13 Aug 2022 04:28:41 AM UTC: 
 exercises.c | 2 +-
 1 file changed, 1 insertion(+), 1 deletion(-)
In file included from test.c:5:
exercises.c: In function ‘crearPersona’:
exercises.c:77:3: error: ignoring return value of ‘scanf’ declared with attribute ‘warn_unused_result’ [-Werror=unused-result]
   77 |   scanf("%s", nuevaP[0].nombre);
      |   ^~~~~~~~~~~~~~~~~~~~~~~~~~~~~
exercises.c:79:3: error: ignoring return value of ‘scanf’ declared with attribute ‘warn_unused_result’ [-Werror=unused-result]
   79 |   scanf("%s", nuevaP[0].rut);
      |   ^~~~~~~~~~~~~~~~~~~~~~~~~~
exercises.c:80:3: error: ignoring return value of ‘scanf’ declared with attribute ‘warn_unused_result’ [-Werror=unused-result]
   80 |   scanf("%d", &nuevaP[0].edad);
      |   ^~~~~~~~~~~~~~~~~~~~~~~~~~~~
cc1: all warnings being treated as errors
Compilation failed
6d03f92
Sat 13 Aug 2022 04:30:24 AM UTC: 
 exercises.c | 3 ++-
 1 file changed, 2 insertions(+), 1 deletion(-)
In file included from test.c:5:
exercises.c: In function ‘crearVector’:
exercises.c:102:3: error: expected ‘=’, ‘,’, ‘;’, ‘asm’ or ‘__attribute__’ before ‘arreglo’
  102 |   arreglo = (Vector*)calloc(n,sizeof(Vector));
      |   ^~~~~~~
exercises.c:102:3: error: ‘arreglo’ undeclared (first use in this function)
exercises.c:102:3: note: each undeclared identifier is reported only once for each function it appears in
exercises.c: In function ‘crearPersona’:
exercises.c:77:3: error: ignoring return value of ‘scanf’ declared with attribute ‘warn_unused_result’ [-Werror=unused-result]
   77 |   scanf("%s", nuevaP[0].nombre);
      |   ^~~~~~~~~~~~~~~~~~~~~~~~~~~~~
exercises.c:79:3: error: ignoring return value of ‘scanf’ declared with attribute ‘warn_unused_result’ [-Werror=unused-result]
   79 |   scanf("%s", nuevaP[0].rut);
      |   ^~~~~~~~~~~~~~~~~~~~~~~~~~
exercises.c:80:3: error: ignoring return value of ‘scanf’ declared with attribute ‘warn_unused_result’ [-Werror=unused-result]
   80 |   scanf("%d", &nuevaP[0].edad);
      |   ^~~~~~~~~~~~~~~~~~~~~~~~~~~~
exercises.c: In function ‘crearVector’:
exercises.c:116:1: error: control reaches end of non-void function [-Werror=return-type]
  116 | }
      | ^
cc1: all warnings being treated as errors
Compilation failed
bb9dd54
Sat 13 Aug 2022 11:34:49 PM UTC: 
 exercises.c | 15 ++++++++++++---
 1 file changed, 12 insertions(+), 3 deletions(-)
In file included from test.c:5:
exercises.c: In function ‘crearPersona’:
exercises.c:82:18: error: assignment to expression with array type
   82 |   nuevaP->nombre = n;
      |                  ^
exercises.c:83:15: error: assignment to expression with array type
   83 |   nuevaP->rut = r;
      |               ^
exercises.c: In function ‘crearVector’:
exercises.c:111:3: error: expected ‘=’, ‘,’, ‘;’, ‘asm’ or ‘__attribute__’ before ‘arreglo’
  111 |   arreglo = (Vector*)calloc(n,sizeof(Vector));
      |   ^~~~~~~
exercises.c:111:3: error: ‘arreglo’ undeclared (first use in this function)
exercises.c:111:3: note: each undeclared identifier is reported only once for each function it appears in
exercises.c: In function ‘crearPersona’:
exercises.c:79:3: error: ignoring return value of ‘scanf’ declared with attribute ‘warn_unused_result’ [-Werror=unused-result]
   79 |   scanf("%s", n);
      |   ^~~~~~~~~~~~~~
exercises.c:80:3: error: ignoring return value of ‘scanf’ declared with attribute ‘warn_unused_result’ [-Werror=unused-result]
   80 |   scanf("%s", r);
      |   ^~~~~~~~~~~~~~
exercises.c:85:3: error: ignoring return value of ‘scanf’ declared with attribute ‘warn_unused_result’ [-Werror=unused-result]
   85 |   scanf("%d", &nuevaP[0].edad);
      |   ^~~~~~~~~~~~~~~~~~~~~~~~~~~~
exercises.c: In function ‘crearVector’:
exercises.c:125:1: error: control reaches end of non-void function [-Werror=return-type]
  125 | }
      | ^
cc1: all warnings being treated as errors
Compilation failed
9502892
Sat 13 Aug 2022 11:34:56 PM UTC: 
 exercises.c | 2 +-
 1 file changed, 1 insertion(+), 1 deletion(-)
In file included from test.c:5:
exercises.c: In function ‘crearPersona’:
exercises.c:82:18: error: assignment to expression with array type
   82 |   nuevaP->nombre = n;
      |                  ^
exercises.c:83:15: error: assignment to expression with array type
   83 |   nuevaP->rut = r;
      |               ^
exercises.c:85:22: error: ‘nuevaP’ is a pointer; did you mean to use ‘->’?
   85 |   scanf("%d", &nuevaP.edad);
      |                      ^
      |                      ->
exercises.c: In function ‘crearVector’:
exercises.c:111:3: error: expected ‘=’, ‘,’, ‘;’, ‘asm’ or ‘__attribute__’ before ‘arreglo’
  111 |   arreglo = (Vector*)calloc(n,sizeof(Vector));
      |   ^~~~~~~
exercises.c:111:3: error: ‘arreglo’ undeclared (first use in this function)
exercises.c:111:3: note: each undeclared identifier is reported only once for each function it appears in
exercises.c: In function ‘crearPersona’:
exercises.c:79:3: error: ignoring return value of ‘scanf’ declared with attribute ‘warn_unused_result’ [-Werror=unused-result]
   79 |   scanf("%s", n);
      |   ^~~~~~~~~~~~~~
exercises.c:80:3: error: ignoring return value of ‘scanf’ declared with attribute ‘warn_unused_result’ [-Werror=unused-result]
   80 |   scanf("%s", r);
      |   ^~~~~~~~~~~~~~
exercises.c: In function ‘crearVector’:
exercises.c:125:1: error: control reaches end of non-void function [-Werror=return-type]
  125 | }
      | ^
cc1: all warnings being treated as errors
Compilation failed
7a7f9a6
Sat 13 Aug 2022 11:35:19 PM UTC: 
 exercises.c | 2 +-
 1 file changed, 1 insertion(+), 1 deletion(-)
In file included from test.c:5:
exercises.c: In function ‘crearPersona’:
exercises.c:82:18: error: assignment to expression with array type
   82 |   nuevaP->nombre = n;
      |                  ^
exercises.c:83:15: error: assignment to expression with array type
   83 |   nuevaP->rut = r;
      |               ^
exercises.c: In function ‘crearVector’:
exercises.c:111:3: error: expected ‘=’, ‘,’, ‘;’, ‘asm’ or ‘__attribute__’ before ‘arreglo’
  111 |   arreglo = (Vector*)calloc(n,sizeof(Vector));
      |   ^~~~~~~
exercises.c:111:3: error: ‘arreglo’ undeclared (first use in this function)
exercises.c:111:3: note: each undeclared identifier is reported only once for each function it appears in
exercises.c: In function ‘crearPersona’:
exercises.c:79:3: error: ignoring return value of ‘scanf’ declared with attribute ‘warn_unused_result’ [-Werror=unused-result]
   79 |   scanf("%s", n);
      |   ^~~~~~~~~~~~~~
exercises.c:80:3: error: ignoring return value of ‘scanf’ declared with attribute ‘warn_unused_result’ [-Werror=unused-result]
   80 |   scanf("%s", r);
      |   ^~~~~~~~~~~~~~
exercises.c:85:3: error: ignoring return value of ‘scanf’ declared with attribute ‘warn_unused_result’ [-Werror=unused-result]
   85 |   scanf("%d", &nuevaP->edad);
      |   ^~~~~~~~~~~~~~~~~~~~~~~~~~
exercises.c: In function ‘crearVector’:
exercises.c:125:1: error: control reaches end of non-void function [-Werror=return-type]
  125 | }
      | ^
cc1: all warnings being treated as errors
Compilation failed
dcf52c4
Sat 13 Aug 2022 11:35:38 PM UTC: 
 exercises.c | 2 +-
 1 file changed, 1 insertion(+), 1 deletion(-)
In file included from test.c:5:
exercises.c: In function ‘crearPersona’:
exercises.c:82:9: error: ‘nuevaP’ is a pointer; did you mean to use ‘->’?
   82 |   nuevaP.nombre = n;
      |         ^
      |         ->
exercises.c:83:15: error: assignment to expression with array type
   83 |   nuevaP->rut = r;
      |               ^
exercises.c: In function ‘crearVector’:
exercises.c:111:3: error: expected ‘=’, ‘,’, ‘;’, ‘asm’ or ‘__attribute__’ before ‘arreglo’
  111 |   arreglo = (Vector*)calloc(n,sizeof(Vector));
      |   ^~~~~~~
exercises.c:111:3: error: ‘arreglo’ undeclared (first use in this function)
exercises.c:111:3: note: each undeclared identifier is reported only once for each function it appears in
exercises.c: In function ‘crearPersona’:
exercises.c:79:3: error: ignoring return value of ‘scanf’ declared with attribute ‘warn_unused_result’ [-Werror=unused-result]
   79 |   scanf("%s", n);
      |   ^~~~~~~~~~~~~~
exercises.c:80:3: error: ignoring return value of ‘scanf’ declared with attribute ‘warn_unused_result’ [-Werror=unused-result]
   80 |   scanf("%s", r);
      |   ^~~~~~~~~~~~~~
exercises.c:85:3: error: ignoring return value of ‘scanf’ declared with attribute ‘warn_unused_result’ [-Werror=unused-result]
   85 |   scanf("%d", &nuevaP->edad);
      |   ^~~~~~~~~~~~~~~~~~~~~~~~~~
exercises.c: In function ‘crearVector’:
exercises.c:125:1: error: control reaches end of non-void function [-Werror=return-type]
  125 | }
      | ^
cc1: all warnings being treated as errors
Compilation failed
e60c212
Sat 13 Aug 2022 11:37:05 PM UTC: 
 exercises.c | 5 +++--
 1 file changed, 3 insertions(+), 2 deletions(-)
In file included from test.c:5:
exercises.c: In function ‘crearVector’:
exercises.c:112:3: error: expected ‘=’, ‘,’, ‘;’, ‘asm’ or ‘__attribute__’ before ‘arreglo’
  112 |   arreglo = (Vector*)calloc(n,sizeof(Vector));
      |   ^~~~~~~
exercises.c:112:3: error: ‘arreglo’ undeclared (first use in this function)
exercises.c:112:3: note: each undeclared identifier is reported only once for each function it appears in
exercises.c: In function ‘crearPersona’:
exercises.c:79:3: error: ignoring return value of ‘scanf’ declared with attribute ‘warn_unused_result’ [-Werror=unused-result]
   79 |   scanf("%s", n);
      |   ^~~~~~~~~~~~~~
exercises.c:80:3: error: ignoring return value of ‘scanf’ declared with attribute ‘warn_unused_result’ [-Werror=unused-result]
   80 |   scanf("%s", r);
      |   ^~~~~~~~~~~~~~
exercises.c:86:3: error: ignoring return value of ‘scanf’ declared with attribute ‘warn_unused_result’ [-Werror=unused-result]
   86 |   scanf("%d", &nuevaP->edad);
      |   ^~~~~~~~~~~~~~~~~~~~~~~~~~
exercises.c: In function ‘crearVector’:
exercises.c:126:1: error: control reaches end of non-void function [-Werror=return-type]
  126 | }
      | ^
cc1: all warnings being treated as errors
Compilation failed
6751817
Sat 13 Aug 2022 11:37:52 PM UTC: 
 exercises.c | 6 +++---
 1 file changed, 3 insertions(+), 3 deletions(-)
In file included from test.c:5:
exercises.c: In function ‘crearPersona’:
exercises.c:79:3: error: ignoring return value of ‘scanf’ declared with attribute ‘warn_unused_result’ [-Werror=unused-result]
   79 |   scanf("%s", n);
      |   ^~~~~~~~~~~~~~
exercises.c:80:3: error: ignoring return value of ‘scanf’ declared with attribute ‘warn_unused_result’ [-Werror=unused-result]
   80 |   scanf("%s", r);
      |   ^~~~~~~~~~~~~~
exercises.c:86:3: error: ignoring return value of ‘scanf’ declared with attribute ‘warn_unused_result’ [-Werror=unused-result]
   86 |   scanf("%d", &nuevaP->edad);
      |   ^~~~~~~~~~~~~~~~~~~~~~~~~~
cc1: all warnings being treated as errors
Compilation failed
c598fa2
Sat 13 Aug 2022 11:41:06 PM UTC: 
 exercises.c | 15 ++++++++-------
 1 file changed, 8 insertions(+), 7 deletions(-)
In file included from test.c:5:
exercises.c: In function ‘crearPersona’:
exercises.c:84:20: error: expected ‘;’ before ‘return’
   84 |   nuevaP->edad = 38
      |                    ^
      |                    ;
......
   93 |   return (nuevaP);
      |   ~~~~~~            
exercises.c:95:1: error: control reaches end of non-void function [-Werror=return-type]
   95 | }
      | ^
cc1: all warnings being treated as errors
Compilation failed
842a881
Sat 13 Aug 2022 11:41:13 PM UTC: 
 exercises.c | 2 +-
 1 file changed, 1 insertion(+), 1 deletion(-)
 tests:  3|4
total_score: 30/70
6c9f3c4
Sat 13 Aug 2022 11:42:39 PM UTC: 
 exercises.c | 6 +++---
 1 file changed, 3 insertions(+), 3 deletions(-)
In file included from test.c:5:
exercises.c: In function ‘crearVector’:
exercises.c:113:3: error: expected ‘=’, ‘,’, ‘;’, ‘asm’ or ‘__attribute__’ before ‘arreglo’
  113 |   arreglo = (Vector*)calloc(n,sizeof(Vector));
      |   ^~~~~~~
exercises.c:113:3: error: ‘arreglo’ undeclared (first use in this function)
exercises.c:113:3: note: each undeclared identifier is reported only once for each function it appears in
exercises.c:127:1: error: control reaches end of non-void function [-Werror=return-type]
  127 | }
      | ^
cc1: all warnings being treated as errors
Compilation failed
6fe61c0
Sat 13 Aug 2022 11:42:47 PM UTC: 
 exercises.c | 2 +-
 1 file changed, 1 insertion(+), 1 deletion(-)
 tests:  3|4
total_score: 30/70
2358960
Sat 13 Aug 2022 11:47:19 PM UTC: 
 exercises.c | 3 ++-
 1 file changed, 2 insertions(+), 1 deletion(-)
In file included from test.c:5:
exercises.c: In function ‘crearVector’:
exercises.c:114:40: error: expected expression before ‘)’ token
  114 |   arreglo = (Vector*) calloc (n,sizeof());
      |                                        ^
Compilation failed
e5e15a0
Sat 13 Aug 2022 11:47:28 PM UTC: 
 exercises.c | 2 +-
 1 file changed, 1 insertion(+), 1 deletion(-)
 tests:  3|4
total_score: 30/70
9418568
Sat 13 Aug 2022 11:50:09 PM UTC: 
 exercises.c | 4 +++-
 1 file changed, 3 insertions(+), 1 deletion(-)
 tests:  3|4
total_score: 30/70
c6c9d96
Sat 13 Aug 2022 11:50:45 PM UTC: 
 exercises.c | 2 +-
 1 file changed, 1 insertion(+), 1 deletion(-)
 tests:  3|4
total_score: 30/70
3d8d506
Sat 13 Aug 2022 11:55:28 PM UTC: 
 exercises.c | 2 +-
 1 file changed, 1 insertion(+), 1 deletion(-)
 tests:  3|4
total_score: 30/70
b12634e
Sat 13 Aug 2022 11:56:46 PM UTC: 
 exercises.c | 5 ++---
 1 file changed, 2 insertions(+), 3 deletions(-)
 tests:  3|4
total_score: 30/70
1ebeee0
Sat 13 Aug 2022 11:58:27 PM UTC: 
 exercises.c | 2 +-
 1 file changed, 1 insertion(+), 1 deletion(-)
In file included from test.c:5:
exercises.c: In function ‘crearVector’:
exercises.c:113:49: error: expected expression before ‘Vector’
  113 |   Vector *arreglo = (Vector*) calloc (n,sizeof(*Vector));
      |                                                 ^~~~~~
Compilation failed
c98ac55
Sat 13 Aug 2022 11:58:37 PM UTC: 
 exercises.c | 2 +-
 1 file changed, 1 insertion(+), 1 deletion(-)
 tests:  3|4
total_score: 30/70
712f49a
Sun 14 Aug 2022 12:05:01 AM UTC: 
 exercises.c | 8 ++++++--
 1 file changed, 6 insertions(+), 2 deletions(-)
In file included from test.c:5:
exercises.c: In function ‘crearVector’:
exercises.c:116:11: error: invalid type argument of ‘->’ (have ‘Vector’)
  116 |       v[i]->datos = (int *) calloc (sizeof(int));
      |           ^~
exercises.c:116:29: error: too few arguments to function ‘calloc’
  116 |       v[i]->datos = (int *) calloc (sizeof(int));
      |                             ^~~~~~
In file included from test.c:2:
/nix/store/iwd8ic5hhwdxn5dga0im55g5hjl270cd-glibc-2.33-47-dev/include/stdlib.h:542:14: note: declared here
  542 | extern void *calloc (size_t __nmemb, size_t __size)
      |              ^~~~~~
In file included from test.c:5:
exercises.c:132:13: error: ‘i’ undeclared (first use in this function)
  132 |   return (v[i]->datos);
      |             ^
exercises.c:132:13: note: each undeclared identifier is reported only once for each function it appears in
exercises.c:133:1: error: control reaches end of non-void function [-Werror=return-type]
  133 | }
      | ^
cc1: all warnings being treated as errors
Compilation failed
31cf223
Sun 14 Aug 2022 12:05:15 AM UTC: 
 exercises.c | 2 +-
 1 file changed, 1 insertion(+), 1 deletion(-)
In file included from test.c:5:
exercises.c: In function ‘crearVector’:
exercises.c:116:28: error: too few arguments to function ‘calloc’
  116 |       v[i].datos = (int *) calloc (sizeof(int));
      |                            ^~~~~~
In file included from test.c:2:
/nix/store/iwd8ic5hhwdxn5dga0im55g5hjl270cd-glibc-2.33-47-dev/include/stdlib.h:542:14: note: declared here
  542 | extern void *calloc (size_t __nmemb, size_t __size)
      |              ^~~~~~
In file included from test.c:5:
exercises.c:132:13: error: ‘i’ undeclared (first use in this function)
  132 |   return (v[i]->datos);
      |             ^
exercises.c:132:13: note: each undeclared identifier is reported only once for each function it appears in
exercises.c:133:1: error: control reaches end of non-void function [-Werror=return-type]
  133 | }
      | ^
cc1: all warnings being treated as errors
Compilation failed
32b3881
Sun 14 Aug 2022 12:06:15 AM UTC: 
 exercises.c | 2 +-
 1 file changed, 1 insertion(+), 1 deletion(-)
In file included from test.c:5:
exercises.c: In function ‘crearVector’:
exercises.c:132:13: error: ‘i’ undeclared (first use in this function)
  132 |   return (v[i]->datos);
      |             ^
exercises.c:132:13: note: each undeclared identifier is reported only once for each function it appears in
exercises.c:133:1: error: control reaches end of non-void function [-Werror=return-type]
  133 | }
      | ^
cc1: all warnings being treated as errors
Compilation failed
2e492df
Sun 14 Aug 2022 12:06:26 AM UTC: 
 exercises.c | 2 +-
 1 file changed, 1 insertion(+), 1 deletion(-)
In file included from test.c:5:
exercises.c: In function ‘crearVector’:
exercises.c:132:13: error: ‘i’ undeclared (first use in this function)
  132 |   return (v[i].datos);
      |             ^
exercises.c:132:13: note: each undeclared identifier is reported only once for each function it appears in
exercises.c:133:1: error: control reaches end of non-void function [-Werror=return-type]
  133 | }
      | ^
cc1: all warnings being treated as errors
Compilation failed
e5646df
Sun 14 Aug 2022 12:06:40 AM UTC: 
 exercises.c | 2 +-
 1 file changed, 1 insertion(+), 1 deletion(-)
In file included from test.c:5:
exercises.c: In function ‘crearVector’:
exercises.c:132:12: error: ‘v’ is a pointer; did you mean to use ‘->’?
  132 |   return (v.datos);
      |            ^
      |            ->
exercises.c:133:1: error: control reaches end of non-void function [-Werror=return-type]
  133 | }
      | ^
cc1: all warnings being treated as errors
Compilation failed
ed9d15a
Sun 14 Aug 2022 12:06:48 AM UTC: 
 exercises.c | 2 +-
 1 file changed, 1 insertion(+), 1 deletion(-)
In file included from test.c:5:
exercises.c: In function ‘crearVector’:
exercises.c:132:12: error: returning ‘int *’ from a function with incompatible return type ‘Vector *’ [-Werror=incompatible-pointer-types]
  132 |   return (v->datos);
      |          ~~^~~~~~~~
cc1: all warnings being treated as errors
Compilation failed
8b6ed4c
Sun 14 Aug 2022 12:07:04 AM UTC: 
 exercises.c | 2 +-
 1 file changed, 1 insertion(+), 1 deletion(-)
 tests:  3|4
total_score: 30/70
2584a5c
Sun 14 Aug 2022 12:10:28 AM UTC: 
 exercises.c | 2 +-
 1 file changed, 1 insertion(+), 1 deletion(-)
 tests:  3|4
total_score: 30/70
053058c
Sun 14 Aug 2022 12:10:45 AM UTC: 
 exercises.c | 2 +-
 1 file changed, 1 insertion(+), 1 deletion(-)
 tests:  3|4
total_score: 30/70
b24808a
Sun 14 Aug 2022 12:18:18 AM UTC: 
 exercises.c | 2 +-
 1 file changed, 1 insertion(+), 1 deletion(-)
 tests:  3|4
total_score: 30/70
2ef51b2
Sun 14 Aug 2022 12:19:24 AM UTC: 
 exercises.c | 2 +-
 1 file changed, 1 insertion(+), 1 deletion(-)
In file included from test.c:5:
exercises.c: In function ‘crearVector’:
exercises.c:116:11: error: invalid type argument of ‘->’ (have ‘Vector’)
  116 |       v[i]->datos = (int *) calloc (n,sizeof(int));
      |           ^~
Compilation failed
a529619
Sun 14 Aug 2022 12:20:54 AM UTC: 
 exercises.c | 2 +-
 1 file changed, 1 insertion(+), 1 deletion(-)
In file included from test.c:5:
exercises.c: In function ‘crearVector’:
exercises.c:116:12: error: expected identifier before ‘*’ token
  116 |       v[i].*datos = (int *) calloc (n,sizeof(int));
      |            ^
Compilation failed
95d3cc5
Sun 14 Aug 2022 12:21:01 AM UTC: 
 exercises.c | 2 +-
 1 file changed, 1 insertion(+), 1 deletion(-)
 tests:  3|4
total_score: 30/70
ff33992
Sun 14 Aug 2022 12:26:07 AM UTC: 
 exercises.c | 2 +-
 1 file changed, 1 insertion(+), 1 deletion(-)
In file included from test.c:5:
exercises.c: In function ‘crearVector’:
exercises.c:116:8: error: invalid type argument of unary ‘*’ (have ‘Vector’)
  116 |       (*v[i]).datos = (int *) calloc (n,sizeof(int));
      |        ^~~~~
Compilation failed
004184a
Sun 14 Aug 2022 12:26:31 AM UTC: 
 exercises.c | 7 ++++---
 1 file changed, 4 insertions(+), 3 deletions(-)
 tests:  3|4
total_score: 30/70
33f0440
Sun 14 Aug 2022 04:07:24 AM UTC: 
 exercises.c | 8 ++++----
 1 file changed, 4 insertions(+), 4 deletions(-)
In file included from test.c:5:
exercises.c: In function ‘crearVector’:
exercises.c:116:28: error: too few arguments to function ‘calloc’
  116 |       v[i].datos = (int *) calloc (sizeof(int));
      |                            ^~~~~~
In file included from test.c:2:
/nix/store/iwd8ic5hhwdxn5dga0im55g5hjl270cd-glibc-2.33-47-dev/include/stdlib.h:542:14: note: declared here
  542 | extern void *calloc (size_t __nmemb, size_t __size)
      |              ^~~~~~
Compilation failed
38d0f4d
Sun 14 Aug 2022 04:07:47 AM UTC: 
 exercises.c | 2 +-
 1 file changed, 1 insertion(+), 1 deletion(-)
 tests:  3|4
total_score: 30/70
b415af7
Sun 14 Aug 2022 04:08:11 AM UTC: 
 exercises.c | 4 ++--
 1 file changed, 2 insertions(+), 2 deletions(-)
 tests:  3|4
total_score: 30/70
25f3289
Sun 14 Aug 2022 04:08:28 AM UTC: 
 exercises.c | 2 +-
 1 file changed, 1 insertion(+), 1 deletion(-)
In file included from test.c:5:
exercises.c: In function ‘crearVector’:
exercises.c:118:4: error: ‘v’ is a pointer; did you mean to use ‘->’?
  118 |   v.datos = (int *) calloc (n,sizeof(int));
      |    ^
      |    ->
Compilation failed
ae0a1ce
Sun 14 Aug 2022 04:08:39 AM UTC: 
 exercises.c | 2 +-
 1 file changed, 1 insertion(+), 1 deletion(-)
 tests:  3|4
total_score: 30/70
37f6851
Sun 14 Aug 2022 04:09:00 AM UTC: 
 exercises.c | 2 +-
 1 file changed, 1 insertion(+), 1 deletion(-)
 tests:  3|4
total_score: 30/70
45fe863
Sun 14 Aug 2022 04:09:18 AM UTC: 
 exercises.c | 6 +++---
 1 file changed, 3 insertions(+), 3 deletions(-)
 tests:  3|4
total_score: 30/70
265e054
Sun 14 Aug 2022 04:10:05 AM UTC: 
 exercises.c | 2 +-
 1 file changed, 1 insertion(+), 1 deletion(-)
 tests:  3|4
total_score: 30/70
c585a59
Sun 14 Aug 2022 04:10:32 AM UTC: 
 exercises.c | 3 ++-
 1 file changed, 2 insertions(+), 1 deletion(-)
 tests:  3|4
total_score: 30/70
22e6037
Sun 14 Aug 2022 04:11:19 AM UTC: 
 exercises.c | 2 +-
 1 file changed, 1 insertion(+), 1 deletion(-)
In file included from test.c:5:
exercises.c: In function ‘crearVector’:
exercises.c:117:11: error: invalid type argument of ‘->’ (have ‘Vector’)
  117 |       v[i]->datos = 0;
      |           ^~
Compilation failed
c1dede8
Sun 14 Aug 2022 04:11:30 AM UTC: 
 exercises.c | 2 +-
 1 file changed, 1 insertion(+), 1 deletion(-)
 tests:  3|4
total_score: 30/70
8bf38ac
Sun 14 Aug 2022 04:12:46 AM UTC: 
 exercises.c | 2 +-
 1 file changed, 1 insertion(+), 1 deletion(-)
 tests:  3|4
total_score: 30/70
d6cbd74
Sun 14 Aug 2022 04:15:08 AM UTC: 
 exercises.c | 10 ++++++++--
 1 file changed, 8 insertions(+), 2 deletions(-)
 tests:  3|4
total_score: 30/70
4b29959
Sun 14 Aug 2022 04:15:48 AM UTC: 
 exercises.c | 2 +-
 1 file changed, 1 insertion(+), 1 deletion(-)
 tests:  3|4
total_score: 30/70
ec8cb12
Sun 14 Aug 2022 04:21:49 AM UTC: 
 exercises.c | 11 +++++++++--
 1 file changed, 9 insertions(+), 2 deletions(-)
 tests:  3|4
total_score: 30/70
7d76ecf
Sun 14 Aug 2022 04:23:20 AM UTC: 
 exercises.c | 6 +++---
 1 file changed, 3 insertions(+), 3 deletions(-)
 tests:  3|4
total_score: 30/70
adc5d47
Sun 14 Aug 2022 04:33:19 AM UTC: 
 exercises.c | 5 ++++-
 1 file changed, 4 insertions(+), 1 deletion(-)
In file included from test.c:5:
exercises.c: In function ‘crearVector’:
exercises.c:115:6: error: expected identifier before ‘*’ token
  115 |   v->*datos= (int *) calloc (n,sizeof(int));
      |      ^
Compilation failed
dab5450
Sun 14 Aug 2022 04:33:26 AM UTC: 
 exercises.c | 2 +-
 1 file changed, 1 insertion(+), 1 deletion(-)
In file included from test.c:5:
test.c: In function ‘crearVector’:
exercises.c:114:16: error: ‘v’ is used uninitialized in this function [-Werror=uninitialized]
  114 |   v->capacidad = n;
      |   ~~~~~~~~~~~~~^~~
cc1: all warnings being treated as errors
Compilation failed
fc468e2
Sun 14 Aug 2022 04:33:38 AM UTC: 
 exercises.c | 2 +-
 1 file changed, 1 insertion(+), 1 deletion(-)
In file included from test.c:5:
exercises.c: In function ‘crearVector’:
exercises.c:114:3: error: invalid type argument of unary ‘*’ (have ‘int’)
  114 |   *v->capacidad = n;
      |   ^~~~~~~~~~~~~
Compilation failed
46babf9
Sun 14 Aug 2022 04:33:48 AM UTC: 
 exercises.c | 2 +-
 1 file changed, 1 insertion(+), 1 deletion(-)
In file included from test.c:5:
test.c: In function ‘crearVector’:
exercises.c:114:16: error: ‘v’ is used uninitialized in this function [-Werror=uninitialized]
  114 |   v->capacidad = n;
      |   ~~~~~~~~~~~~~^~~
cc1: all warnings being treated as errors
Compilation failed
b7f011f
Sun 14 Aug 2022 04:34:57 AM UTC: 
 exercises.c | 2 +-
 1 file changed, 1 insertion(+), 1 deletion(-)
In file included from test.c:5:
exercises.c: In function ‘crearVector’:
exercises.c:114:3: error: invalid type argument of unary ‘*’ (have ‘int’)
  114 |   *v->capacidad = n;
      |   ^~~~~~~~~~~~~
Compilation failed
7f2f312
Sun 14 Aug 2022 04:35:22 AM UTC: 
 exercises.c | 2 +-
 1 file changed, 1 insertion(+), 1 deletion(-)
In file included from test.c:5:
exercises.c: In function ‘crearVector’:
exercises.c:114:7: error: invalid type argument of ‘->’ (have ‘Vector’)
  114 |   v[0]->capacidad = n;
      |       ^~
Compilation failed
253cc34
Sun 14 Aug 2022 04:35:28 AM UTC: 
 exercises.c | 2 +-
 1 file changed, 1 insertion(+), 1 deletion(-)
In file included from test.c:5:
test.c: In function ‘crearVector’:
exercises.c:114:18: error: ‘v’ is used uninitialized in this function [-Werror=uninitialized]
  114 |   v[0].capacidad = n;
      |   ~~~~~~~~~~~~~~~^~~
cc1: all warnings being treated as errors
Compilation failed
728a24d
Sun 14 Aug 2022 04:36:42 AM UTC: 
 exercises.c | 3 ++-
 1 file changed, 2 insertions(+), 1 deletion(-)
In file included from test.c:5:
exercises.c: In function ‘crearVector’:
exercises.c:115:7: error: ‘v[0]’ is a pointer; did you mean to use ‘->’?
  115 |   v[0].capacidad = n;
      |       ^
      |       ->
exercises.c:116:4: error: ‘*(Vector **)&v’ is a pointer; did you mean to use ‘->’?
  116 |   v->datos= (int *) calloc (n,sizeof(int));
      |    ^~
      |    ->
exercises.c:148:10: error: returning ‘Vector **’ from a function with incompatible return type ‘Vector *’ [-Werror=incompatible-pointer-types]
  148 |   return (v);
      |          ^
exercises.c:148:10: error: function returns address of local variable [-Werror=return-local-addr]
cc1: all warnings being treated as errors
Compilation failed
702de8a
Sun 14 Aug 2022 04:37:24 AM UTC: 
 exercises.c | 2 +-
 1 file changed, 1 insertion(+), 1 deletion(-)
In file included from test.c:5:
exercises.c: In function ‘crearVector’:
exercises.c:115:7: error: ‘v[0]’ is a pointer; did you mean to use ‘->’?
  115 |   v[0].capacidad = n;
      |       ^
      |       ->
exercises.c:116:6: error: expected identifier before ‘->’ token
  116 |   v->->datos= (int *) calloc (n,sizeof(int));
      |      ^~
exercises.c:148:10: error: returning ‘Vector **’ from a function with incompatible return type ‘Vector *’ [-Werror=incompatible-pointer-types]
  148 |   return (v);
      |          ^
exercises.c:148:10: error: function returns address of local variable [-Werror=return-local-addr]
cc1: all warnings being treated as errors
Compilation failed
65a9e3f
Sun 14 Aug 2022 04:37:47 AM UTC: 
 exercises.c | 2 +-
 1 file changed, 1 insertion(+), 1 deletion(-)
In file included from test.c:5:
exercises.c: In function ‘crearVector’:
exercises.c:115:7: error: ‘v[0]’ is a pointer; did you mean to use ‘->’?
  115 |   v[0].capacidad = n;
      |       ^
      |       ->
exercises.c:116:6: error: expected identifier before ‘->’ token
  116 |   v->->datos= (int *) calloc (n,sizeof(int));
      |      ^~
exercises.c:148:11: error: returning ‘Vector * (*)[1]’ from a function with incompatible return type ‘Vector *’ [-Werror=incompatible-pointer-types]
  148 |   return (&v);
      |          ~^~~
exercises.c:148:11: error: function returns address of local variable [-Werror=return-local-addr]
cc1: all warnings being treated as errors
Compilation failed
a785605
Sun 14 Aug 2022 04:37:53 AM UTC: 
 exercises.c | 2 +-
 1 file changed, 1 insertion(+), 1 deletion(-)
In file included from test.c:5:
exercises.c: In function ‘crearVector’:
exercises.c:115:7: error: ‘v[0]’ is a pointer; did you mean to use ‘->’?
  115 |   v[0].capacidad = n;
      |       ^
      |       ->
exercises.c:116:6: error: expected identifier before ‘->’ token
  116 |   v->->datos= (int *) calloc (n,sizeof(int));
      |      ^~
Compilation failed
cf2e67d
Sun 14 Aug 2022 04:38:03 AM UTC: 
 exercises.c | 2 +-
 1 file changed, 1 insertion(+), 1 deletion(-)
In file included from test.c:5:
exercises.c: In function ‘crearVector’:
exercises.c:116:6: error: expected identifier before ‘->’ token
  116 |   v->->datos= (int *) calloc (n,sizeof(int));
      |      ^~
Compilation failed
461c39c
